#
# A fatal error has been detected by the Java Runtime Environment:
#
#  EXCEPTION_STACK_OVERFLOW (0xc00000fd) at pc=0x0000000054a1c5f7, pid=17564, tid=0x0000000000003e04
#
# JRE version: OpenJDK Runtime Environment (8.0_152-b01) (build 1.8.0_152-release-915-b01)
# Java VM: OpenJDK 64-Bit Server VM (25.152-b01 mixed mode windows-amd64 compressed oops)
# Problematic frame:
# V  [jvm.dll+0x1ec5f7]
#
# Failed to write core dump. Minidumps are not enabled by default on client versions of Windows
#
# If you would like to submit a bug report, please visit:
#   http://bugreport.java.com/bugreport/crash.jsp
#

---------------  T H R E A D  ---------------

Current thread (0x0000000056def800):  JavaThread "pool-2-thread-1" [_thread_in_vm, id=15876, stack(0x00000000573c0000,0x00000000574c0000)]

siginfo: ExceptionCode=0xc00000fd, ExceptionInformation=0x0000000000000001 0x00000000574bc460 

Registers:
RAX=0x00000000574bc460, RBX=0x0000000000000004, RCX=0x0000000000003000, RDX=0x0000000000000006
RSP=0x00000000574bf460, RBP=0x0000000000000000, RSI=0x00000000574bf460, RDI=0x0000000000000004
R8 =0x0000000000000006, R9 =0x0000000056de4460, R10=0x000000005509d9a0, R11=0x00000000573ca148
R12=0x0000000056de4460, R13=0x0000000056def800, R14=0x00000000574bf528, R15=0x000000005509d9a0
RIP=0x0000000054a1c5f7, EFLAGS=0x0000000000010206

Top of Stack: (sp=0x00000000574bf460)
0x00000000574bf460:   0000000056c9bcc0 0000000059064e7e
0x00000000574bf470:   0000000056def800 0000000056de4460
0x00000000574bf480:   00000000ffffffff 0000000054a1d527
0x00000000574bf490:   00000000574bf590 000000005509d9a0
0x00000000574bf4a0:   0000000056def800 00000000548cb2d3
0x00000000574bf4b0:   00000000574bf4f0 0000000056def800
0x00000000574bf4c0:   00000000574bf580 0000000056def800
0x00000000574bf4d0:   000000005509d9a0 0000000056def800
0x00000000574bf4e0:   00000000027a2f20 0000000056def800
0x00000000574bf4f0:   000000005509d9a0 0000000056def800
0x00000000574bf500:   000000005509d9a0 0000000056def800
0x00000000574bf510:   0000000000000001 000000005509d9a0
0x00000000574bf520:   0000000056def800 0000000056c915b0
0x00000000574bf530:   0000000056def800 00000000548cc7bd
0x00000000574bf540:   00000000574bf848 00000000144966b0
0x00000000574bf550:   00000000144966b0 0000000000000000 

Instructions: (pc=0x0000000054a1c5f7)
0x0000000054a1c5d7:   48 89 6c 24 30 33 ed 66 90 e8 ab bf 07 00 ff c3
0x0000000054a1c5e7:   48 63 c8 48 8b c6 48 0f af cf 48 ff c7 48 2b c1
0x0000000054a1c5f7:   89 28 48 63 c3 48 3b 05 a5 3f 57 00 7e db 48 8b
0x0000000054a1c607:   6c 24 30 48 8b 5c 24 38 48 8b 74 24 40 48 83 c4 


Register to memory mapping:

RAX=0x00000000574bc460 is pointing into the stack for thread: 0x0000000056def800
RBX=0x0000000000000004 is an unknown value
RCX=0x0000000000003000 is an unknown value
RDX=0x0000000000000006 is an unknown value
RSP=0x00000000574bf460 is pointing into the stack for thread: 0x0000000056def800
RBP=0x0000000000000000 is an unknown value
RSI=0x00000000574bf460 is pointing into the stack for thread: 0x0000000056def800
RDI=0x0000000000000004 is an unknown value
R8 =0x0000000000000006 is an unknown value
R9 =0x0000000056de4460 is an unknown value
R10={method} {0x000000005509d9a8} 'run' '()V' in 'java/lang/Thread'
R11=0x00000000573ca148 is pointing into the stack for thread: 0x0000000056def800
R12=0x0000000056de4460 is an unknown value
R13=0x0000000056def800 is a thread
R14=0x00000000574bf528 is pointing into the stack for thread: 0x0000000056def800
R15={method} {0x000000005509d9a8} 'run' '()V' in 'java/lang/Thread'


Stack: [0x00000000573c0000,0x00000000574c0000],  sp=0x00000000574bf460,  free space=1021k
Native frames: (J=compiled Java code, j=interpreted, Vv=VM code, C=native code)


---------------  P R O C E S S  ---------------

Java Threads: ( => current thread )
  0x0000000056df3000 JavaThread "pool-1-thread-4" [_thread_blocked, id=14832, stack(0x0000000058200000,0x0000000058300000)]
  0x0000000056df2000 JavaThread "pool-1-thread-3" [_thread_blocked, id=8684, stack(0x0000000057f40000,0x0000000058040000)]
  0x0000000056df1800 JavaThread "pool-1-thread-2" [_thread_blocked, id=17224, stack(0x0000000057d40000,0x0000000057e40000)]
=>0x0000000056def800 JavaThread "pool-2-thread-1" [_thread_in_vm, id=15876, stack(0x00000000573c0000,0x00000000574c0000)]
  0x0000000056def000 JavaThread "pool-1-thread-1" [_thread_in_native, id=18168, stack(0x0000000057b70000,0x0000000057c70000)]
  0x0000000056c8e800 JavaThread "Service Thread" daemon [_thread_blocked, id=12236, stack(0x00000000577b0000,0x00000000578b0000)]
  0x0000000056c6a800 JavaThread "C1 CompilerThread2" daemon [_thread_blocked, id=18052, stack(0x0000000057020000,0x0000000057120000)]
  0x0000000056c21800 JavaThread "C2 CompilerThread1" daemon [_thread_blocked, id=17376, stack(0x0000000057650000,0x0000000057750000)]
  0x0000000056c0b800 JavaThread "C2 CompilerThread0" daemon [_thread_blocked, id=17956, stack(0x00000000574c0000,0x00000000575c0000)]
  0x0000000056c0a800 JavaThread "Attach Listener" daemon [_thread_blocked, id=18020, stack(0x0000000057270000,0x0000000057370000)]
  0x000000005467e000 JavaThread "Signal Dispatcher" daemon [_thread_blocked, id=17728, stack(0x0000000057160000,0x0000000057260000)]
  0x0000000054668800 JavaThread "Finalizer" daemon [_thread_blocked, id=18032, stack(0x0000000056b00000,0x0000000056c00000)]
  0x0000000054621800 JavaThread "Reference Handler" daemon [_thread_blocked, id=17740, stack(0x0000000056790000,0x0000000056890000)]
  0x000000000235f800 JavaThread "main" [_thread_blocked, id=17940, stack(0x0000000002690000,0x0000000002790000)]

Other Threads:
  0x0000000054619800 VMThread [stack: 0x0000000056940000,0x0000000056a40000] [id=18060]
  0x0000000056c90800 WatcherThread [stack: 0x0000000057960000,0x0000000057a60000] [id=18072]

VM state:not at safepoint (normal execution)

VM Mutex/Monitor currently owned by a thread: None

Heap:
 PSYoungGen      total 32768K, used 5667K [0x00000000eab00000, 0x00000000ecf80000, 0x0000000100000000)
  eden space 28160K, 20% used [0x00000000eab00000,0x00000000eb088ee8,0x00000000ec680000)
  from space 4608K, 0% used [0x00000000ecb00000,0x00000000ecb00000,0x00000000ecf80000)
  to   space 4608K, 0% used [0x00000000ec680000,0x00000000ec680000,0x00000000ecb00000)
 ParOldGen       total 75264K, used 0K [0x00000000c0000000, 0x00000000c4980000, 0x00000000eab00000)
  object space 75264K, 0% used [0x00000000c0000000,0x00000000c0000000,0x00000000c4980000)
 Metaspace       used 3881K, capacity 5104K, committed 5376K, reserved 1056768K
  class space    used 430K, capacity 488K, committed 512K, reserved 1048576K

Card table byte_map: [0x0000000011b50000,0x0000000011d60000] byte_map_base: 0x0000000011550000

Marking Bits: (ParMarkBitMap*) 0x0000000054ff3950
 Begin Bits: [0x0000000012290000, 0x0000000013290000)
 End Bits:   [0x0000000013290000, 0x0000000014290000)

Polling page: 0x0000000000340000

CodeCache: size=245760Kb used=1364Kb max_used=1364Kb free=244395Kb
 bounds [0x0000000002790000, 0x0000000002a00000, 0x0000000011790000]
 total_blobs=419 nmethods=165 adapters=168
 compilation: enabled

Compilation events (10 events):
Event: 0.872 Thread 0x0000000056c6a800  165       3       java.util.BitSet::wordIndex (5 bytes)
Event: 0.872 Thread 0x0000000056c6a800 nmethod 165 0x00000000028dc350 code [0x00000000028dc4a0, 0x00000000028dc5d0]
Event: 0.872 Thread 0x0000000056c6a800  164       1       java.util.jar.JarFile::access$300 (5 bytes)
Event: 0.872 Thread 0x0000000056c6a800 nmethod 164 0x00000000028e4d90 code [0x00000000028e4ee0, 0x00000000028e4fd0]
Event: 0.872 Thread 0x0000000056c6a800  160       1       sun.misc.URLClassPath$Loader::getBaseURL (5 bytes)
Event: 0.872 Thread 0x0000000056c6a800 nmethod 160 0x00000000028e5050 code [0x00000000028e51a0, 0x00000000028e52b0]
Event: 0.872 Thread 0x0000000056c6a800  162       1       java.util.jar.Manifest::getEntries (5 bytes)
Event: 0.872 Thread 0x0000000056c6a800 nmethod 162 0x00000000028e5310 code [0x00000000028e5460, 0x00000000028e5570]
Event: 0.872 Thread 0x0000000056c6a800  163       1       java.util.jar.Manifest::getMainAttributes (5 bytes)
Event: 0.873 Thread 0x0000000056c6a800 nmethod 163 0x00000000028e55d0 code [0x00000000028e5720, 0x00000000028e5830]

GC Heap History (0 events):
No events

Deoptimization events (0 events):
No events

Classes redefined (0 events):
No events

Internal exceptions (2 events):
Event: 0.065 Thread 0x000000000235f800 Exception <a 'java/lang/NoSuchMethodError': Method sun.misc.Unsafe.defineClass(Ljava/lang/String;[BII)Ljava/lang/Class; name or signature does not match> (0x00000000eab07ca8) thrown at [D:\src\AOSP-openjdk-cygwin\jdk8u\hotspot\src\share\vm\prims\jni.cpp, 
Event: 0.065 Thread 0x000000000235f800 Exception <a 'java/lang/NoSuchMethodError': Method sun.misc.Unsafe.prefetchRead(Ljava/lang/Object;J)V name or signature does not match> (0x00000000eab07f90) thrown at [D:\src\AOSP-openjdk-cygwin\jdk8u\hotspot\src\share\vm\prims\jni.cpp, line 4011]

Events (10 events):
Event: 0.871 loading class com/android/dx/rop/cst/CstBoolean
Event: 0.871 loading class com/android/dx/rop/cst/CstBoolean done
Event: 0.871 loading class com/android/dx/rop/cst/CstByte
Event: 0.871 loading class com/android/dx/rop/cst/CstByte done
Event: 0.872 loading class com/android/dx/rop/cst/CstChar
Event: 0.872 loading class com/android/dx/rop/cst/CstChar done
Event: 0.872 loading class com/android/dx/rop/cst/CstShort
Event: 0.872 loading class com/android/dx/rop/cst/CstShort done
Event: 0.873 loading class com/android/dx/rop/code/TranslationAdvice
Event: 0.873 loading class com/android/dx/rop/code/TranslationAdvice done


Dynamic libraries:
0x000000013fe40000 - 0x000000013fe71000 	D:\AS\jre\bin\java.exe
0x0000000077240000 - 0x00000000773ea000 	C:\Windows\SYSTEM32\ntdll.dll
0x0000000077020000 - 0x000000007713f000 	C:\Windows\system32\kernel32.dll
0x000007fefd0a0000 - 0x000007fefd10a000 	C:\Windows\system32\KERNELBASE.dll
0x000007fefe560000 - 0x000007fefe63b000 	C:\Windows\system32\ADVAPI32.dll
0x000007feff4b0000 - 0x000007feff54f000 	C:\Windows\system32\msvcrt.dll
0x000007feff490000 - 0x000007feff4af000 	C:\Windows\SYSTEM32\sechost.dll
0x000007fefdde0000 - 0x000007fefdf0d000 	C:\Windows\system32\RPCRT4.dll
0x0000000077140000 - 0x000000007723a000 	C:\Windows\system32\USER32.dll
0x000007fefd970000 - 0x000007fefd9d7000 	C:\Windows\system32\GDI32.dll
0x000007fefe550000 - 0x000007fefe55e000 	C:\Windows\system32\LPK.dll
0x000007fefd6a0000 - 0x000007fefd76b000 	C:\Windows\system32\USP10.dll
0x000007fefbf20000 - 0x000007fefc114000 	C:\Windows\WinSxS\amd64_microsoft.windows.common-controls_6595b64144ccf1df_6.0.7601.17514_none_fa396087175ac9ac\COMCTL32.dll
0x000007feff410000 - 0x000007feff481000 	C:\Windows\system32\SHLWAPI.dll
0x000007feff3e0000 - 0x000007feff40e000 	C:\Windows\system32\IMM32.DLL
0x000007fefdb70000 - 0x000007fefdc79000 	C:\Windows\system32\MSCTF.dll
0x000007fefce70000 - 0x000007fefcea0000 	C:\Windows\system32\nvinitx.dll
0x000007fefce60000 - 0x000007fefce6c000 	C:\Windows\system32\VERSION.dll
0x0000000074bb0000 - 0x0000000074bb6000 	C:\Program Files\NVIDIA Corporation\CoProcManager\detoured.dll
0x000007fefba30000 - 0x000007fefba68000 	C:\Program Files\NVIDIA Corporation\CoProcManager\nvd3d9wrapx.dll
0x000007fefe050000 - 0x000007fefe227000 	C:\Windows\system32\SETUPAPI.dll
0x000007fefcf70000 - 0x000007fefcfa6000 	C:\Windows\system32\CFGMGR32.dll
0x000007fefdd00000 - 0x000007fefddda000 	C:\Windows\system32\OLEAUT32.dll
0x000007fefd770000 - 0x000007fefd96c000 	C:\Windows\system32\ole32.dll
0x000007fefcf50000 - 0x000007fefcf6a000 	C:\Windows\system32\DEVOBJ.dll
0x000007fefb860000 - 0x000007fefb884000 	C:\Program Files\NVIDIA Corporation\CoProcManager\nvdxgiwrapx.dll
0x0000000059010000 - 0x00000000590e2000 	D:\AS\jre\jre\bin\msvcr100.dll
0x0000000054830000 - 0x000000005506e000 	D:\AS\jre\jre\bin\server\jvm.dll
0x000007fef7630000 - 0x000007fef7639000 	C:\Windows\system32\WSOCK32.dll
0x000007fefe500000 - 0x000007fefe54d000 	C:\Windows\system32\WS2_32.dll
0x000007feff3d0000 - 0x000007feff3d8000 	C:\Windows\system32\NSI.dll
0x000007fefb220000 - 0x000007fefb25b000 	C:\Windows\system32\WINMM.dll
0x0000000077410000 - 0x0000000077417000 	C:\Windows\system32\PSAPI.DLL
0x000007fefb260000 - 0x000007fefb26f000 	D:\AS\jre\jre\bin\verify.dll
0x000007fef4570000 - 0x000007fef4599000 	D:\AS\jre\jre\bin\java.dll
0x000007fef4550000 - 0x000007fef4566000 	D:\AS\jre\jre\bin\zip.dll
0x000007fefe640000 - 0x000007feff3ca000 	C:\Windows\system32\SHELL32.dll
0x000007fefcf30000 - 0x000007fefcf3f000 	C:\Windows\system32\profapi.dll

VM Arguments:
jvm_args: -Djava.awt.headless=true -Xmx1024M -Dfile.encoding=GBK -Duser.country=CN -Duser.language=zh -Duser.variant 
java_command: com.android.dx.command.Main --dex --num-threads=4 --output E:\open\ics-openvpn\main\build\intermediates\pre-dexed\modern\debug\internal_impl-24.2.1_63d80e9515bd394307eeb5c939d552856415df79.jar E:\open\ics-openvpn\main\build\intermediates\exploded-aar\com.android.support\support-core-ui\24.2.1\jars\libs\internal_impl-24.2.1.jar
java_class_path (initial): E:\Android\SDK\build-tools\24.0.0\lib\dx.jar
Launcher Type: SUN_STANDARD

Environment Variables:
JAVA_HOME=D:\Program Files\Java\jdk1.7.0_80
CLASSPATH=.;D:\Program Files\Java\jdk1.7.0_80\lib;D:\Program Files\Java\jdk1.7.0_80\lib\dt.jar;D:\Program Files\Java\jdk1.7.0_80\lib\tools.jar
PATH=C:\Windows\system32;C:\Windows;C:\Windows\System32\Wbem;C:\Windows\System32\WindowsPowerShell\v1.0\;C:\Program Files (x86)\Microsoft SQL Server\100\Tools\Binn\;C:\Program Files\Microsoft SQL Server\100\Tools\Binn\;C:\Program Files\Microsoft SQL Server\100\DTS\Binn\;D:\TortoiseSVN\bin;C:\Program Files\Lenovo\Bluetooth Software\;C:\Program Files\Lenovo\Bluetooth Software\syswow64;D:\ADB;C:\Program Files\nodejs\;C:\Users\bingo\AppData\Local\Programs\Python\Python35\Scripts\;C:\Users\bingo\AppData\Local\Programs\Python\Python35\;D:\Qt\Qt5.2.0\5.2.0\msvc2010_opengl\bin\;D:\ADB;C:\Users\bingo\AppData\Roaming\npm;C:\MinGW\bin;C:\Program Files\Git\cmd;D:\Program Files\Java\jdk1.7.0_80\bin;D:\Program Files\Java\jdk1.7.0_80\jre\bin;E:\Android\SDK\ndk-bundle;D:\swigwin-3.0.12;E:\Android\SDK\cmake\3.6.4111459\bin\;C:\Users\bingo\AppData\Local\Programs\Python\Python35\Scripts\;C:\Users\bingo\AppData\Local\Programs\Python\Python35\;D:\Qt\Qt5.2.0\5.2.0\msvc2010_opengl\bin\;D:\Qt\Qt5.2.0\5.2.0\MinGW\bin;D:\ADB;C:\Users\bingo\AppData\Roaming\npm
USERNAME=bingo
OS=Windows_NT
PROCESSOR_IDENTIFIER=Intel64 Family 6 Model 58 Stepping 9, GenuineIntel



---------------  S Y S T E M  ---------------

OS: Windows 7 , 64 bit Build 7601 (6.1.7601.23915)

CPU:total 4 (initial active 4) (2 cores per cpu, 2 threads per core) family 6 model 58 stepping 9, cmov, cx8, fxsr, mmx, sse, sse2, sse3, ssse3, sse4.1, sse4.2, popcnt, avx, clmul, erms, ht, tsc, tscinvbit, tscinv

Memory: 4k page, physical 7167248k(704316k free), swap 7165388k(4084k free)

vm_info: OpenJDK 64-Bit Server VM (25.152-b01) for windows-amd64 JRE (1.8.0_152-release-915-b01), built by "builder" with MS VC++ 10.0 (VS2010)

time: Thu Apr 19 11:12:02 2018
elapsed time: 0 seconds (0d 0h 0m 0s)

