#
# There is insufficient memory for the Java Runtime Environment to continue.
# Native memory allocation (malloc) failed to allocate 938576 bytes for Chunk::new
# Possible reasons:
#   The system is out of physical RAM or swap space
#   In 32 bit mode, the process size limit was hit
# Possible solutions:
#   Reduce memory load on the system
#   Increase physical memory or swap space
#   Check if swap backing store is full
#   Use 64 bit Java on a 64 bit OS
#   Decrease Java heap size (-Xmx/-Xms)
#   Decrease number of Java threads
#   Decrease Java thread stack sizes (-Xss)
#   Set larger code cache with -XX:ReservedCodeCacheSize=
# This output file may be truncated or incomplete.
#
#  Out of Memory Error (allocation.cpp:390), pid=1696, tid=0x0000000000003f40
#
# JRE version: OpenJDK Runtime Environment (8.0_152-b01) (build 1.8.0_152-release-915-b01)
# Java VM: OpenJDK 64-Bit Server VM (25.152-b01 mixed mode windows-amd64 compressed oops)
# Failed to write core dump. Minidumps are not enabled by default on client versions of Windows
#

---------------  T H R E A D  ---------------

Current thread (0x0000000056da2800):  JavaThread "C2 CompilerThread0" daemon [_thread_in_native, id=16192, stack(0x00000000574e0000,0x00000000575e0000)]

Stack: [0x00000000574e0000,0x00000000575e0000]
[error occurred during error reporting (printing stack bounds), id 0xc0000005]

Native frames: (J=compiled Java code, j=interpreted, Vv=VM code, C=native code)


Current CompileTask:
C2:   7373 1792       4       com.android.dx.ssa.back.FirstFitLocalCombiningAllocator::tryMapRegs (110 bytes)


---------------  P R O C E S S  ---------------

Java Threads: ( => current thread )
  0x00000000570be800 JavaThread "pool-1-thread-4" [_thread_blocked, id=17820, stack(0x0000000057d40000,0x0000000057e40000)]
  0x00000000570ae800 JavaThread "pool-1-thread-3" [_thread_in_Java, id=7156, stack(0x0000000057e60000,0x0000000057f60000)]
  0x0000000057084000 JavaThread "pool-1-thread-2" [_thread_blocked, id=17040, stack(0x0000000057bf0000,0x0000000057cf0000)]
  0x000000005704a800 JavaThread "pool-2-thread-1" [_thread_blocked, id=17836, stack(0x00000000569d0000,0x0000000056ad0000)]
  0x0000000057048800 JavaThread "pool-1-thread-1" [_thread_blocked, id=17640, stack(0x0000000057790000,0x0000000057890000)]
  0x0000000056e5d000 JavaThread "Service Thread" daemon [_thread_blocked, id=16416, stack(0x0000000057ab0000,0x0000000057bb0000)]
  0x0000000056dbc000 JavaThread "C1 CompilerThread2" daemon [_thread_blocked, id=18168, stack(0x0000000057890000,0x0000000057990000)]
  0x0000000056dbb000 JavaThread "C2 CompilerThread1" daemon [_thread_in_native, id=15804, stack(0x0000000057690000,0x0000000057790000)]
=>0x0000000056da2800 JavaThread "C2 CompilerThread0" daemon [_thread_in_native, id=16192, stack(0x00000000574e0000,0x00000000575e0000)]
  0x0000000056da1800 JavaThread "Attach Listener" daemon [_thread_blocked, id=18328, stack(0x00000000573c0000,0x00000000574c0000)]
  0x0000000056da0800 JavaThread "Signal Dispatcher" daemon [_thread_blocked, id=16536, stack(0x0000000057200000,0x0000000057300000)]
  0x0000000055a4e000 JavaThread "Finalizer" daemon [_thread_blocked, id=16828, stack(0x0000000056c90000,0x0000000056d90000)]
  0x0000000055a01800 JavaThread "Reference Handler" daemon [_thread_blocked, id=18020, stack(0x0000000056b50000,0x0000000056c50000)]
  0x000000000039f800 JavaThread "main" [_thread_blocked, id=15348, stack(0x00000000026d0000,0x00000000027d0000)]

Other Threads:
  0x00000000559f9800 VMThread [stack: 0x00000000568c0000,0x00000000569c0000] [id=18300]
  0x0000000056de2800 WatcherThread [stack: 0x00000000579a0000,0x0000000057aa0000] [id=17792]

VM state:not at safepoint (normal execution)

VM Mutex/Monitor currently owned by a thread: None

Heap:
 PSYoungGen      total 32768K, used 30965K [0x00000000eab00000, 0x00000000eeb00000, 0x0000000100000000)
  eden space 28160K, 93% used [0x00000000eab00000,0x00000000ec4c3020,0x00000000ec680000)
  from space 4608K, 99% used [0x00000000ec680000,0x00000000ecafa730,0x00000000ecb00000)
  to   space 4608K, 0% used [0x00000000ee680000,0x00000000ee680000,0x00000000eeb00000)
 ParOldGen       total 75264K, used 8106K [0x00000000c0000000, 0x00000000c4980000, 0x00000000eab00000)
  object space 75264K, 10% used [0x00000000c0000000,0x00000000c07ea9e0,0x00000000c4980000)
 Metaspace       used 6258K, capacity 7092K, committed 7296K, reserved 1056768K
  class space    used 600K, capacity 620K, committed 640K, reserved 1048576K

Card table byte_map: [0x0000000011b90000,0x0000000011da0000] byte_map_base: 0x0000000011590000

Marking Bits: (ParMarkBitMap*) 0x0000000054ff3950
 Begin Bits: [0x00000000125b0000, 0x00000000135b0000)
 End Bits:   [0x00000000135b0000, 0x00000000145b0000)

Polling page: 0x0000000000330000

CodeCache: size=245760Kb used=8018Kb max_used=8031Kb free=237741Kb
 bounds [0x00000000027d0000, 0x0000000002fb0000, 0x00000000117d0000]
 total_blobs=2040 nmethods=1776 adapters=178
 compilation: enabled

Compilation events (10 events):
Event: 7.177 Thread 0x0000000056dbc000 1794   !   3       com.android.dx.rop.code.RegisterSpec::intern (70 bytes)
Event: 7.178 Thread 0x0000000056dbc000 nmethod 1794 0x0000000002fa7110 code [0x0000000002fa7340, 0x0000000002fa7fe8]
Event: 7.180 Thread 0x0000000056da2800 nmethod 1707% 0x0000000002fa8750 code [0x0000000002fa8a20, 0x0000000002fab070]
Event: 7.180 Thread 0x0000000056da2800 1792       4       com.android.dx.ssa.back.FirstFitLocalCombiningAllocator::tryMapRegs (110 bytes)
Event: 7.180 Thread 0x0000000056dbc000 1795       3       com.android.dx.ssa.DomFront::calcDomFronts (154 bytes)
Event: 7.182 Thread 0x0000000056dbc000 nmethod 1795 0x0000000002fa5690 code [0x0000000002fa5900, 0x0000000002fa6668]
Event: 7.275 Thread 0x0000000056dbc000 1797       3       com.android.dx.rop.code.Rops::opIfNe (17 bytes)
Event: 7.275 Thread 0x0000000056dbc000 nmethod 1797 0x0000000002fa1c10 code [0x0000000002fa1d80, 0x0000000002fa1f08]
Event: 7.294 Thread 0x0000000056dbc000 1802       3       com.android.dx.rop.code.Insn$BaseVisitor::visitThrowingInsn (1 bytes)
Event: 7.294 Thread 0x0000000056dbc000 nmethod 1802 0x0000000002fa18d0 code [0x0000000002fa1a20, 0x0000000002fa1b70]

GC Heap History (6 events):
Event: 2.064 GC heap before
{Heap before GC invocations=1 (full 0):
 PSYoungGen      total 32768K, used 28160K [0x00000000eab00000, 0x00000000ecf80000, 0x0000000100000000)
  eden space 28160K, 100% used [0x00000000eab00000,0x00000000ec680000,0x00000000ec680000)
  from space 4608K, 0% used [0x00000000ecb00000,0x00000000ecb00000,0x00000000ecf80000)
  to   space 4608K, 0% used [0x00000000ec680000,0x00000000ec680000,0x00000000ecb00000)
 ParOldGen       total 75264K, used 0K [0x00000000c0000000, 0x00000000c4980000, 0x00000000eab00000)
  object space 75264K, 0% used [0x00000000c0000000,0x00000000c0000000,0x00000000c4980000)
 Metaspace       used 5870K, capacity 6832K, committed 7040K, reserved 1056768K
  class space    used 576K, capacity 616K, committed 640K, reserved 1048576K
Event: 2.076 GC heap after
Heap after GC invocations=1 (full 0):
 PSYoungGen      total 32768K, used 4579K [0x00000000eab00000, 0x00000000ecf80000, 0x0000000100000000)
  eden space 28160K, 0% used [0x00000000eab00000,0x00000000eab00000,0x00000000ec680000)
  from space 4608K, 99% used [0x00000000ec680000,0x00000000ecaf8d60,0x00000000ecb00000)
  to   space 4608K, 0% used [0x00000000ecb00000,0x00000000ecb00000,0x00000000ecf80000)
 ParOldGen       total 75264K, used 835K [0x00000000c0000000, 0x00000000c4980000, 0x00000000eab00000)
  object space 75264K, 1% used [0x00000000c0000000,0x00000000c00d0cc8,0x00000000c4980000)
 Metaspace       used 5870K, capacity 6832K, committed 7040K, reserved 1056768K
  class space    used 576K, capacity 616K, committed 640K, reserved 1048576K
}
Event: 4.553 GC heap before
{Heap before GC invocations=2 (full 0):
 PSYoungGen      total 32768K, used 32739K [0x00000000eab00000, 0x00000000ecf80000, 0x0000000100000000)
  eden space 28160K, 100% used [0x00000000eab00000,0x00000000ec680000,0x00000000ec680000)
  from space 4608K, 99% used [0x00000000ec680000,0x00000000ecaf8d60,0x00000000ecb00000)
  to   space 4608K, 0% used [0x00000000ecb00000,0x00000000ecb00000,0x00000000ecf80000)
 ParOldGen       total 75264K, used 835K [0x00000000c0000000, 0x00000000c4980000, 0x00000000eab00000)
  object space 75264K, 1% used [0x00000000c0000000,0x00000000c00d0cc8,0x00000000c4980000)
 Metaspace       used 6067K, capacity 7024K, committed 7296K, reserved 1056768K
  class space    used 579K, capacity 616K, committed 640K, reserved 1048576K
Event: 4.646 GC heap after
Heap after GC invocations=2 (full 0):
 PSYoungGen      total 32768K, used 4607K [0x00000000eab00000, 0x00000000eeb00000, 0x0000000100000000)
  eden space 28160K, 0% used [0x00000000eab00000,0x00000000eab00000,0x00000000ec680000)
  from space 4608K, 99% used [0x00000000ecb00000,0x00000000ecf7fd58,0x00000000ecf80000)
  to   space 4608K, 0% used [0x00000000ec680000,0x00000000ec680000,0x00000000ecb00000)
 ParOldGen       total 75264K, used 4224K [0x00000000c0000000, 0x00000000c4980000, 0x00000000eab00000)
  object space 75264K, 5% used [0x00000000c0000000,0x00000000c0420040,0x00000000c4980000)
 Metaspace       used 6067K, capacity 7024K, committed 7296K, reserved 1056768K
  class space    used 579K, capacity 616K, committed 640K, reserved 1048576K
}
Event: 5.843 GC heap before
{Heap before GC invocations=3 (full 0):
 PSYoungGen      total 32768K, used 32767K [0x00000000eab00000, 0x00000000eeb00000, 0x0000000100000000)
  eden space 28160K, 100% used [0x00000000eab00000,0x00000000ec680000,0x00000000ec680000)
  from space 4608K, 99% used [0x00000000ecb00000,0x00000000ecf7fd58,0x00000000ecf80000)
  to   space 4608K, 0% used [0x00000000ec680000,0x00000000ec680000,0x00000000ecb00000)
 ParOldGen       total 75264K, used 4224K [0x00000000c0000000, 0x00000000c4980000, 0x00000000eab00000)
  object space 75264K, 5% used [0x00000000c0000000,0x00000000c0420040,0x00000000c4980000)
 Metaspace       used 6179K, capacity 7028K, committed 7296K, reserved 1056768K
  class space    used 598K, capacity 620K, committed 640K, reserved 1048576K
Event: 5.966 GC heap after
Heap after GC invocations=3 (full 0):
 PSYoungGen      total 32768K, used 4585K [0x00000000eab00000, 0x00000000eeb00000, 0x0000000100000000)
  eden space 28160K, 0% used [0x00000000eab00000,0x00000000eab00000,0x00000000ec680000)
  from space 4608K, 99% used [0x00000000ec680000,0x00000000ecafa730,0x00000000ecb00000)
  to   space 4608K, 0% used [0x00000000ee680000,0x00000000ee680000,0x00000000eeb00000)
 ParOldGen       total 75264K, used 8106K [0x00000000c0000000, 0x00000000c4980000, 0x00000000eab00000)
  object space 75264K, 10% used [0x00000000c0000000,0x00000000c07ea9e0,0x00000000c4980000)
 Metaspace       used 6179K, capacity 7028K, committed 7296K, reserved 1056768K
  class space    used 598K, capacity 620K, committed 640K, reserved 1048576K
}

Deoptimization events (10 events):
Event: 7.058 Thread 0x00000000570ae800 Uncommon trap: reason=unstable_if action=reinterpret pc=0x0000000002ee40dc method=com.android.dx.ssa.SsaBasicBlock.newFromRop(Lcom/android/dx/rop/code/RopMethod;ILcom/android/dx/ssa/SsaMethod;)Lcom/android/dx/ssa/SsaBasicBlock; @ 164
Event: 7.061 Thread 0x00000000570ae800 Uncommon trap: reason=bimorphic action=maybe_recompile pc=0x0000000002d9e6a0 method=com.android.dx.ssa.LiteralOpUpgrader.tryReplacingWithConstant(Lcom/android/dx/ssa/NormalSsaInsn;)Z @ 52
Event: 7.064 Thread 0x00000000570ae800 Uncommon trap: reason=unstable_if action=reinterpret pc=0x0000000002e5be7c method=com.android.dx.ssa.SsaMethod.blockIndexToRopLabel(I)I @ 1
Event: 7.065 Thread 0x00000000570ae800 Uncommon trap: reason=unstable_if action=reinterpret pc=0x0000000002f1cda4 method=com.android.dx.rop.code.BasicBlockList.preferredSuccessorOf(Lcom/android/dx/rop/code/BasicBlock;)Lcom/android/dx/rop/code/BasicBlock; @ 58
Event: 7.066 Thread 0x00000000570ae800 Uncommon trap: reason=bimorphic action=maybe_recompile pc=0x0000000002e3e6e0 method=com.android.dx.rop.code.Rops.opMoveResultPseudo(Lcom/android/dx/rop/type/TypeBearer;)Lcom/android/dx/rop/code/Rop; @ 7
Event: 7.067 Thread 0x00000000570ae800 Uncommon trap: reason=bimorphic action=maybe_recompile pc=0x0000000002d9e6a0 method=com.android.dx.ssa.LiteralOpUpgrader.tryReplacingWithConstant(Lcom/android/dx/ssa/NormalSsaInsn;)Z @ 52
Event: 7.116 Thread 0x00000000570ae800 Uncommon trap: reason=bimorphic action=maybe_recompile pc=0x0000000002e3e8e8 method=com.android.dx.cf.code.RopperMachine.run(Lcom/android/dx/cf/code/Frame;II)V @ 310
Event: 7.116 Thread 0x00000000570ae800 Uncommon trap: reason=bimorphic action=maybe_recompile pc=0x0000000002e3e8e8 method=com.android.dx.cf.code.RopperMachine.run(Lcom/android/dx/cf/code/Frame;II)V @ 310
Event: 7.116 Thread 0x00000000570ae800 Uncommon trap: reason=bimorphic action=maybe_recompile pc=0x0000000002e3e8e8 method=com.android.dx.cf.code.RopperMachine.run(Lcom/android/dx/cf/code/Frame;II)V @ 310
Event: 7.177 Thread 0x00000000570ae800 Uncommon trap: reason=unstable_if action=reinterpret pc=0x0000000002ed257c method=java.util.HashMap.putVal(ILjava/lang/Object;Ljava/lang/Object;ZZ)Ljava/lang/Object; @ 109

Classes redefined (0 events):
No events

Internal exceptions (7 events):
Event: 0.054 Thread 0x000000000039f800 Exception <a 'java/lang/NoSuchMethodError': Method sun.misc.Unsafe.defineClass(Ljava/lang/String;[BII)Ljava/lang/Class; name or signature does not match> (0x00000000eab07ca8) thrown at [D:\src\AOSP-openjdk-cygwin\jdk8u\hotspot\src\share\vm\prims\jni.cpp, 
Event: 0.054 Thread 0x000000000039f800 Exception <a 'java/lang/NoSuchMethodError': Method sun.misc.Unsafe.prefetchRead(Ljava/lang/Object;J)V name or signature does not match> (0x00000000eab07f90) thrown at [D:\src\AOSP-openjdk-cygwin\jdk8u\hotspot\src\share\vm\prims\jni.cpp, line 4011]
Event: 1.984 Thread 0x0000000057084000 Implicit null exception at 0x0000000002adcb67 to 0x0000000002ade249
Event: 1.984 Thread 0x0000000057084000 Implicit null exception at 0x0000000002aa645b to 0x0000000002aa87e1
Event: 4.982 Thread 0x0000000057084000 Exception <a 'java/lang/ArrayIndexOutOfBoundsException': 18> (0x00000000eb1ed678) thrown at [D:\src\AOSP-openjdk-cygwin\jdk8u\hotspot\src\share\vm\interpreter\interpreterRuntime.cpp, line 366]
Event: 4.982 Thread 0x0000000057084000 Exception <a 'java/lang/ArrayIndexOutOfBoundsException': 145> (0x00000000eb1ef1f8) thrown at [D:\src\AOSP-openjdk-cygwin\jdk8u\hotspot\src\share\vm\interpreter\interpreterRuntime.cpp, line 366]
Event: 4.983 Thread 0x0000000057084000 Exception <a 'java/lang/ArrayIndexOutOfBoundsException': 40> (0x00000000eb1f04e0) thrown at [D:\src\AOSP-openjdk-cygwin\jdk8u\hotspot\src\share\vm\interpreter\interpreterRuntime.cpp, line 366]

Events (10 events):
Event: 7.116 Thread 0x00000000570ae800 DEOPT PACKING pc=0x0000000002e3e8e8 sp=0x0000000057f5e630
Event: 7.116 Thread 0x00000000570ae800 DEOPT UNPACKING pc=0x000000000281556a sp=0x0000000057f5e5e0 mode 2
Event: 7.116 Thread 0x00000000570ae800 Uncommon trap: trap_request=0xffffffc6 fr.pc=0x0000000002e3e8e8
Event: 7.116 Thread 0x00000000570ae800 DEOPT PACKING pc=0x0000000002e3e8e8 sp=0x0000000057f5e630
Event: 7.116 Thread 0x00000000570ae800 DEOPT UNPACKING pc=0x000000000281556a sp=0x0000000057f5e5e0 mode 2
Event: 7.177 Thread 0x00000000570ae800 Uncommon trap: trap_request=0xffffff65 fr.pc=0x0000000002ed257c
Event: 7.177 Thread 0x00000000570ae800 DEOPT PACKING pc=0x0000000002ed257c sp=0x0000000057f5ea50
Event: 7.177 Thread 0x00000000570ae800 DEOPT UNPACKING pc=0x000000000281556a sp=0x0000000057f5e8f8 mode 2
Event: 7.180 Thread 0x00000000570ae800 DEOPT PACKING pc=0x0000000002cbba1c sp=0x0000000057f5e880
Event: 7.180 Thread 0x00000000570ae800 DEOPT UNPACKING pc=0x00000000028175bf sp=0x0000000057f5e590 mode 0


Dynamic libraries:
0x000000013fe40000 - 0x000000013fe71000 	D:\AS\jre\bin\java.exe
0x0000000077240000 - 0x00000000773ea000 	C:\Windows\SYSTEM32\ntdll.dll
0x0000000077020000 - 0x000000007713f000 	C:\Windows\system32\kernel32.dll
0x000007fefd0a0000 - 0x000007fefd10a000 	C:\Windows\system32\KERNELBASE.dll
0x000007fefe560000 - 0x000007fefe63b000 	C:\Windows\system32\ADVAPI32.dll
0x000007feff4b0000 - 0x000007feff54f000 	C:\Windows\system32\msvcrt.dll
0x000007feff490000 - 0x000007feff4af000 	C:\Windows\SYSTEM32\sechost.dll
0x000007fefdde0000 - 0x000007fefdf0d000 	C:\Windows\system32\RPCRT4.dll
0x0000000077140000 - 0x000000007723a000 	C:\Windows\system32\USER32.dll
0x000007fefd970000 - 0x000007fefd9d7000 	C:\Windows\system32\GDI32.dll
0x000007fefe550000 - 0x000007fefe55e000 	C:\Windows\system32\LPK.dll
0x000007fefd6a0000 - 0x000007fefd76b000 	C:\Windows\system32\USP10.dll
0x000007fefbf20000 - 0x000007fefc114000 	C:\Windows\WinSxS\amd64_microsoft.windows.common-controls_6595b64144ccf1df_6.0.7601.17514_none_fa396087175ac9ac\COMCTL32.dll
0x000007feff410000 - 0x000007feff481000 	C:\Windows\system32\SHLWAPI.dll
0x000007feff3e0000 - 0x000007feff40e000 	C:\Windows\system32\IMM32.DLL
0x000007fefdb70000 - 0x000007fefdc79000 	C:\Windows\system32\MSCTF.dll
0x000007fefce70000 - 0x000007fefcea0000 	C:\Windows\system32\nvinitx.dll
0x000007fefce60000 - 0x000007fefce6c000 	C:\Windows\system32\VERSION.dll
0x0000000074bb0000 - 0x0000000074bb6000 	C:\Program Files\NVIDIA Corporation\CoProcManager\detoured.dll
0x000007fefba30000 - 0x000007fefba68000 	C:\Program Files\NVIDIA Corporation\CoProcManager\nvd3d9wrapx.dll
0x000007fefe050000 - 0x000007fefe227000 	C:\Windows\system32\SETUPAPI.dll
0x000007fefcf70000 - 0x000007fefcfa6000 	C:\Windows\system32\CFGMGR32.dll
0x000007fefdd00000 - 0x000007fefddda000 	C:\Windows\system32\OLEAUT32.dll
0x000007fefd770000 - 0x000007fefd96c000 	C:\Windows\system32\ole32.dll
0x000007fefcf50000 - 0x000007fefcf6a000 	C:\Windows\system32\DEVOBJ.dll
0x000007fefb860000 - 0x000007fefb884000 	C:\Program Files\NVIDIA Corporation\CoProcManager\nvdxgiwrapx.dll
0x0000000059010000 - 0x00000000590e2000 	D:\AS\jre\jre\bin\msvcr100.dll
0x0000000054830000 - 0x000000005506e000 	D:\AS\jre\jre\bin\server\jvm.dll
0x000007fef7630000 - 0x000007fef7639000 	C:\Windows\system32\WSOCK32.dll
0x000007fefe500000 - 0x000007fefe54d000 	C:\Windows\system32\WS2_32.dll
0x000007feff3d0000 - 0x000007feff3d8000 	C:\Windows\system32\NSI.dll
0x000007fefb220000 - 0x000007fefb25b000 	C:\Windows\system32\WINMM.dll
0x0000000077410000 - 0x0000000077417000 	C:\Windows\system32\PSAPI.DLL
0x000007fefb260000 - 0x000007fefb26f000 	D:\AS\jre\jre\bin\verify.dll
0x000007fef4570000 - 0x000007fef4599000 	D:\AS\jre\jre\bin\java.dll
0x000007fef4550000 - 0x000007fef4566000 	D:\AS\jre\jre\bin\zip.dll
0x000007fefe640000 - 0x000007feff3ca000 	C:\Windows\system32\SHELL32.dll
0x000007fefcf30000 - 0x000007fefcf3f000 	C:\Windows\system32\profapi.dll

VM Arguments:
jvm_args: -Djava.awt.headless=true -Xmx1024M -Dfile.encoding=GBK -Duser.country=CN -Duser.language=zh -Duser.variant 
java_command: com.android.dx.command.Main --dex --num-threads=4 --output E:\open\ics-openvpn\main\build\intermediates\pre-dexed\modern\debug\com.android.support-recyclerview-v7-24.2.1_4f1d75b0f167d325069434ff7191b98ebcda96ef.jar E:\open\ics-openvpn\main\build\intermediates\exploded-aar\com.android.support\recyclerview-v7\24.2.1\jars\classes.jar
java_class_path (initial): E:\Android\SDK\build-tools\24.0.0\lib\dx.jar
Launcher Type: SUN_STANDARD

Environment Variables:
JAVA_HOME=D:\Program Files\Java\jdk1.7.0_80
CLASSPATH=.;D:\Program Files\Java\jdk1.7.0_80\lib;D:\Program Files\Java\jdk1.7.0_80\lib\dt.jar;D:\Program Files\Java\jdk1.7.0_80\lib\tools.jar
PATH=C:\Windows\system32;C:\Windows;C:\Windows\System32\Wbem;C:\Windows\System32\WindowsPowerShell\v1.0\;C:\Program Files (x86)\Microsoft SQL Server\100\Tools\Binn\;C:\Program Files\Microsoft SQL Server\100\Tools\Binn\;C:\Program Files\Microsoft SQL Server\100\DTS\Binn\;D:\TortoiseSVN\bin;C:\Program Files\Lenovo\Bluetooth Software\;C:\Program Files\Lenovo\Bluetooth Software\syswow64;D:\ADB;C:\Program Files\nodejs\;C:\Users\bingo\AppData\Local\Programs\Python\Python35\Scripts\;C:\Users\bingo\AppData\Local\Programs\Python\Python35\;D:\Qt\Qt5.2.0\5.2.0\msvc2010_opengl\bin\;D:\ADB;C:\Users\bingo\AppData\Roaming\npm;C:\MinGW\bin;C:\Program Files\Git\cmd;D:\Program Files\Java\jdk1.7.0_80\bin;D:\Program Files\Java\jdk1.7.0_80\jre\bin;E:\Android\SDK\ndk-bundle;D:\swigwin-3.0.12;E:\Android\SDK\cmake\3.6.4111459\bin\;C:\Users\bingo\AppData\Local\Programs\Python\Python35\Scripts\;C:\Users\bingo\AppData\Local\Programs\Python\Python35\;D:\Qt\Qt5.2.0\5.2.0\msvc2010_opengl\bin\;D:\Qt\Qt5.2.0\5.2.0\MinGW\bin;D:\ADB;C:\Users\bingo\AppData\Roaming\npm
USERNAME=bingo
OS=Windows_NT
PROCESSOR_IDENTIFIER=Intel64 Family 6 Model 58 Stepping 9, GenuineIntel



---------------  S Y S T E M  ---------------

OS: Windows 7 , 64 bit Build 7601 (6.1.7601.23915)

CPU:total 4 (initial active 4) (2 cores per cpu, 2 threads per core) family 6 model 58 stepping 9, cmov, cx8, fxsr, mmx, sse, sse2, sse3, ssse3, sse4.1, sse4.2, popcnt, avx, clmul, erms, ht, tsc, tscinvbit, tscinv

Memory: 4k page, physical 7167248k(660308k free), swap 7165388k(2600k free)

vm_info: OpenJDK 64-Bit Server VM (25.152-b01) for windows-amd64 JRE (1.8.0_152-release-915-b01), built by "builder" with MS VC++ 10.0 (VS2010)

time: Thu Apr 19 11:14:06 2018
elapsed time: 7 seconds (0d 0h 0m 7s)

