#
# There is insufficient memory for the Java Runtime Environment to continue.
# Native memory allocation (malloc) failed to allocate 590416 bytes for Chunk::new
# Possible reasons:
#   The system is out of physical RAM or swap space
#   In 32 bit mode, the process size limit was hit
# Possible solutions:
#   Reduce memory load on the system
#   Increase physical memory or swap space
#   Check if swap backing store is full
#   Use 64 bit Java on a 64 bit OS
#   Decrease Java heap size (-Xmx/-Xms)
#   Decrease number of Java threads
#   Decrease Java thread stack sizes (-Xss)
#   Set larger code cache with -XX:ReservedCodeCacheSize=
# This output file may be truncated or incomplete.
#
#  Out of Memory Error (allocation.cpp:390), pid=16904, tid=0x0000000000004698
#
# JRE version: OpenJDK Runtime Environment (8.0_152-b01) (build 1.8.0_152-release-915-b01)
# Java VM: OpenJDK 64-Bit Server VM (25.152-b01 mixed mode windows-amd64 compressed oops)
# Failed to write core dump. Minidumps are not enabled by default on client versions of Windows
#

---------------  T H R E A D  ---------------

Current thread (0x0000000056f00800):  JavaThread "C2 CompilerThread1" daemon [_thread_in_native, id=18072, stack(0x00000000577c0000,0x00000000578c0000)]

Stack: [0x00000000577c0000,0x00000000578c0000]
[error occurred during error reporting (printing stack bounds), id 0xc0000005]

Native frames: (J=compiled Java code, j=interpreted, Vv=VM code, C=native code)


Current CompileTask:
C2:   7726 1722 %     4       com.android.dx.ssa.SsaConverter::placePhiFunctions @ 103 (394 bytes)


---------------  P R O C E S S  ---------------

Java Threads: ( => current thread )
  0x0000000057274000 JavaThread "pool-1-thread-4" [_thread_in_Java, id=17128, stack(0x0000000057f70000,0x0000000058070000)]
  0x0000000057279800 JavaThread "pool-1-thread-3" [_thread_blocked, id=18112, stack(0x0000000057ab0000,0x0000000057bb0000)]
  0x0000000057278000 JavaThread "pool-1-thread-2" [_thread_blocked, id=16532, stack(0x0000000057e20000,0x0000000057f20000)]
  0x0000000057251000 JavaThread "pool-2-thread-1" [_thread_blocked, id=16504, stack(0x0000000057d20000,0x0000000057e20000)]
  0x000000005726a800 JavaThread "pool-1-thread-1" [_thread_blocked, id=17520, stack(0x0000000057bb0000,0x0000000057cb0000)]
  0x0000000056f56800 JavaThread "Service Thread" daemon [_thread_blocked, id=17172, stack(0x00000000579b0000,0x0000000057ab0000)]
  0x0000000056f52800 JavaThread "C1 CompilerThread2" daemon [_thread_blocked, id=17952, stack(0x0000000057640000,0x0000000057740000)]
=>0x0000000056f00800 JavaThread "C2 CompilerThread1" daemon [_thread_in_native, id=18072, stack(0x00000000577c0000,0x00000000578c0000)]
  0x0000000056eeb000 JavaThread "C2 CompilerThread0" daemon [_thread_in_native, id=15740, stack(0x0000000057530000,0x0000000057630000)]
  0x0000000056ee9800 JavaThread "Attach Listener" daemon [_thread_blocked, id=6948, stack(0x00000000569b0000,0x0000000056ab0000)]
  0x0000000056ee8800 JavaThread "Signal Dispatcher" daemon [_thread_blocked, id=16680, stack(0x0000000057410000,0x0000000057510000)]
  0x0000000055a4a000 JavaThread "Finalizer" daemon [_thread_blocked, id=16288, stack(0x0000000056de0000,0x0000000056ee0000)]
  0x0000000055a03000 JavaThread "Reference Handler" daemon [_thread_blocked, id=17096, stack(0x0000000056c30000,0x0000000056d30000)]
  0x00000000025ef800 JavaThread "main" [_thread_blocked, id=16872, stack(0x0000000002840000,0x0000000002940000)]

Other Threads:
  0x00000000559fb800 VMThread [stack: 0x0000000056af0000,0x0000000056bf0000] [id=14964]
  0x0000000056f58000 WatcherThread [stack: 0x00000000572e0000,0x00000000573e0000] [id=15268]

VM state:not at safepoint (normal execution)

VM Mutex/Monitor currently owned by a thread: None

Heap:
 PSYoungGen      total 60928K, used 51545K [0x00000000eab00000, 0x00000000eeb00000, 0x0000000100000000)
  eden space 56320K, 83% used [0x00000000eab00000,0x00000000ed8d8108,0x00000000ee200000)
  from space 4608K, 99% used [0x00000000ee680000,0x00000000eeafe4a0,0x00000000eeb00000)
  to   space 4608K, 0% used [0x00000000ee200000,0x00000000ee200000,0x00000000ee680000)
 ParOldGen       total 75264K, used 3926K [0x00000000c0000000, 0x00000000c4980000, 0x00000000eab00000)
  object space 75264K, 5% used [0x00000000c0000000,0x00000000c03d5a98,0x00000000c4980000)
 Metaspace       used 6277K, capacity 7092K, committed 7296K, reserved 1056768K
  class space    used 599K, capacity 620K, committed 640K, reserved 1048576K

Card table byte_map: [0x0000000011d00000,0x0000000011f10000] byte_map_base: 0x0000000011700000

Marking Bits: (ParMarkBitMap*) 0x0000000054ff3950
 Begin Bits: [0x00000000125b0000, 0x00000000135b0000)
 End Bits:   [0x00000000135b0000, 0x00000000145b0000)

Polling page: 0x0000000000230000

CodeCache: size=245760Kb used=7884Kb max_used=7899Kb free=237875Kb
 bounds [0x0000000002940000, 0x0000000003100000, 0x0000000011940000]
 total_blobs=1955 nmethods=1690 adapters=178
 compilation: disabled (not enough contiguous free space left)

Compilation events (10 events):
Event: 7.587 Thread 0x0000000056eeb000 nmethod 1732 0x00000000030f7a10 code [0x00000000030f8380, 0x00000000030f8c58]
Event: 7.587 Thread 0x0000000056eeb000 1731       4       com.android.dx.cf.code.LocalVariableList::pcAndIndexToLocal (51 bytes)
Event: 7.592 Thread 0x0000000056eeb000 nmethod 1731 0x00000000030e1410 code [0x00000000030e1560, 0x00000000030e1798]
Event: 7.592 Thread 0x0000000056eeb000 1734       4       com.android.dx.ssa.SsaMethod::isRegALocal (90 bytes)
Event: 7.637 Thread 0x0000000056eeb000 nmethod 1734 0x00000000030fbfd0 code [0x00000000030fc260, 0x00000000030fd558]
Event: 7.637 Thread 0x0000000056eeb000 1733       4       com.android.dx.ssa.SCCP::simulatePhi (169 bytes)
Event: 7.706 Thread 0x0000000056f52800 1743       3       com.android.dx.ssa.SsaMethod::makeNewSsaReg (26 bytes)
Event: 7.706 Thread 0x0000000056f52800 nmethod 1743 0x00000000030e2e10 code [0x00000000030e2f60, 0x00000000030e31d0]
Event: 7.709 Thread 0x0000000056f52800 1744       3       com.android.dx.ssa.SsaConverter::edgeSplitMoveExceptionsAndResults (157 bytes)
Event: 7.714 Thread 0x0000000056f52800 


GC Heap History (4 events):
Event: 2.020 GC heap before
{Heap before GC invocations=1 (full 0):
 PSYoungGen      total 32768K, used 28160K [0x00000000eab00000, 0x00000000ecf80000, 0x0000000100000000)
  eden space 28160K, 100% used [0x00000000eab00000,0x00000000ec680000,0x00000000ec680000)
  from space 4608K, 0% used [0x00000000ecb00000,0x00000000ecb00000,0x00000000ecf80000)
  to   space 4608K, 0% used [0x00000000ec680000,0x00000000ec680000,0x00000000ecb00000)
 ParOldGen       total 75264K, used 0K [0x00000000c0000000, 0x00000000c4980000, 0x00000000eab00000)
  object space 75264K, 0% used [0x00000000c0000000,0x00000000c0000000,0x00000000c4980000)
 Metaspace       used 5904K, capacity 6896K, committed 7040K, reserved 1056768K
  class space    used 580K, capacity 616K, committed 640K, reserved 1048576K
Event: 2.084 GC heap after
Heap after GC invocations=1 (full 0):
 PSYoungGen      total 32768K, used 4588K [0x00000000eab00000, 0x00000000eeb00000, 0x0000000100000000)
  eden space 28160K, 0% used [0x00000000eab00000,0x00000000eab00000,0x00000000ec680000)
  from space 4608K, 99% used [0x00000000ec680000,0x00000000ecafb098,0x00000000ecb00000)
  to   space 4608K, 0% used [0x00000000ee680000,0x00000000ee680000,0x00000000eeb00000)
 ParOldGen       total 75264K, used 1371K [0x00000000c0000000, 0x00000000c4980000, 0x00000000eab00000)
  object space 75264K, 1% used [0x00000000c0000000,0x00000000c0156cf0,0x00000000c4980000)
 Metaspace       used 5904K, capacity 6896K, committed 7040K, reserved 1056768K
  class space    used 580K, capacity 616K, committed 640K, reserved 1048576K
}
Event: 3.233 GC heap before
{Heap before GC invocations=2 (full 0):
 PSYoungGen      total 32768K, used 32748K [0x00000000eab00000, 0x00000000eeb00000, 0x0000000100000000)
  eden space 28160K, 100% used [0x00000000eab00000,0x00000000ec680000,0x00000000ec680000)
  from space 4608K, 99% used [0x00000000ec680000,0x00000000ecafb098,0x00000000ecb00000)
  to   space 4608K, 0% used [0x00000000ee680000,0x00000000ee680000,0x00000000eeb00000)
 ParOldGen       total 75264K, used 1371K [0x00000000c0000000, 0x00000000c4980000, 0x00000000eab00000)
  object space 75264K, 1% used [0x00000000c0000000,0x00000000c0156cf0,0x00000000c4980000)
 Metaspace       used 6204K, capacity 7028K, committed 7296K, reserved 1056768K
  class space    used 599K, capacity 620K, committed 640K, reserved 1048576K
Event: 3.358 GC heap after
Heap after GC invocations=2 (full 0):
 PSYoungGen      total 60928K, used 4601K [0x00000000eab00000, 0x00000000eeb00000, 0x0000000100000000)
  eden space 56320K, 0% used [0x00000000eab00000,0x00000000eab00000,0x00000000ee200000)
  from space 4608K, 99% used [0x00000000ee680000,0x00000000eeafe4a0,0x00000000eeb00000)
  to   space 4608K, 0% used [0x00000000ee200000,0x00000000ee200000,0x00000000ee680000)
 ParOldGen       total 75264K, used 3926K [0x00000000c0000000, 0x00000000c4980000, 0x00000000eab00000)
  object space 75264K, 5% used [0x00000000c0000000,0x00000000c03d5a98,0x00000000c4980000)
 Metaspace       used 6204K, capacity 7028K, committed 7296K, reserved 1056768K
  class space    used 599K, capacity 620K, committed 640K, reserved 1048576K
}

Deoptimization events (10 events):
Event: 4.595 Thread 0x00000000025ef800 Uncommon trap: reason=unloaded action=reinterpret pc=0x0000000002f40a40 method=com.android.dx.cf.cst.ConstantPoolParser.parse0(ILjava/util/BitSet;)Lcom/android/dx/rop/cst/Constant; @ 198
Event: 4.654 Thread 0x0000000057278000 Uncommon trap: reason=null_check action=make_not_entrant pc=0x0000000002eef87c method=com.android.dx.ssa.SsaRenamer.getLocalForNewReg(I)Lcom/android/dx/rop/code/LocalItem; @ 19
Event: 4.877 Thread 0x0000000057278000 Uncommon trap: reason=unstable_if action=reinterpret pc=0x0000000002eeb67c method=com.android.dx.rop.cst.CstNat.equals(Ljava/lang/Object;)Z @ 25
Event: 5.040 Thread 0x0000000057274000 Uncommon trap: reason=uninitialized action=reinterpret pc=0x0000000002f77bf4 method=com.android.dx.cf.code.BytecodeArray.parseInstruction(ILcom/android/dx/cf/code/BytecodeArray$Visitor;)I @ 999
Event: 5.069 Thread 0x0000000057274000 Uncommon trap: reason=unstable_if action=reinterpret pc=0x0000000002e54c34 method=java.util.HashMap.putVal(ILjava/lang/Object;Ljava/lang/Object;ZZ)Ljava/lang/Object; @ 109
Event: 6.884 Thread 0x0000000057274000 Uncommon trap: reason=unstable_if action=reinterpret pc=0x000000000304bf2c method=com.android.dx.cf.code.Ropper.addOrReplaceBlock(Lcom/android/dx/rop/code/BasicBlock;Lcom/android/dx/util/IntList;)Z @ 24
Event: 6.885 Thread 0x0000000057274000 Uncommon trap: reason=bimorphic action=maybe_recompile pc=0x0000000002f0d5ec method=com.android.dx.rop.code.RegisterSpec.withSimpleType()Lcom/android/dx/rop/code/RegisterSpec; @ 21
Event: 7.465 Thread 0x0000000057274000 Uncommon trap: reason=unstable_if action=reinterpret pc=0x0000000002f6a0e8 method=com.android.dx.ssa.InterferenceRegisterMapper.interferes(III)Z @ 69
Event: 7.559 Thread 0x0000000057274000 Uncommon trap: reason=class_check action=maybe_recompile pc=0x00000000030312b8 method=com.android.dx.cf.code.RopperMachine.run(Lcom/android/dx/cf/code/Frame;II)V @ 1024
Event: 7.565 Thread 0x0000000057274000 Uncommon trap: reason=unstable_if action=reinterpret pc=0x0000000002d686f0 method=com.android.dx.ssa.SCCP.simulateStmt(Lcom/android/dx/ssa/SsaInsn;)V @ 59

Classes redefined (0 events):
No events

Internal exceptions (7 events):
Event: 0.083 Thread 0x00000000025ef800 Exception <a 'java/lang/NoSuchMethodError': Method sun.misc.Unsafe.defineClass(Ljava/lang/String;[BII)Ljava/lang/Class; name or signature does not match> (0x00000000eab07ca8) thrown at [D:\src\AOSP-openjdk-cygwin\jdk8u\hotspot\src\share\vm\prims\jni.cpp, 
Event: 0.083 Thread 0x00000000025ef800 Exception <a 'java/lang/NoSuchMethodError': Method sun.misc.Unsafe.prefetchRead(Ljava/lang/Object;J)V name or signature does not match> (0x00000000eab07f90) thrown at [D:\src\AOSP-openjdk-cygwin\jdk8u\hotspot\src\share\vm\prims\jni.cpp, line 4011]
Event: 2.354 Thread 0x00000000025ef800 Exception <a 'java/lang/ArrayIndexOutOfBoundsException': 18> (0x00000000eb6f0b10) thrown at [D:\src\AOSP-openjdk-cygwin\jdk8u\hotspot\src\share\vm\interpreter\interpreterRuntime.cpp, line 366]
Event: 2.354 Thread 0x00000000025ef800 Exception <a 'java/lang/ArrayIndexOutOfBoundsException': 145> (0x00000000eb6f2690) thrown at [D:\src\AOSP-openjdk-cygwin\jdk8u\hotspot\src\share\vm\interpreter\interpreterRuntime.cpp, line 366]
Event: 2.355 Thread 0x00000000025ef800 Exception <a 'java/lang/ArrayIndexOutOfBoundsException': 40> (0x00000000eb6f3978) thrown at [D:\src\AOSP-openjdk-cygwin\jdk8u\hotspot\src\share\vm\interpreter\interpreterRuntime.cpp, line 366]
Event: 2.744 Thread 0x00000000025ef800 Implicit null exception at 0x0000000002c0c092 to 0x0000000002c0c182
Event: 4.654 Thread 0x0000000057278000 Implicit null exception at 0x0000000002eec6f8 to 0x0000000002eef845

Events (10 events):
Event: 7.559 Thread 0x0000000057274000 Uncommon trap: trap_request=0xffffffde fr.pc=0x00000000030312b8
Event: 7.559 Thread 0x0000000057274000 DEOPT PACKING pc=0x00000000030312b8 sp=0x000000005806e960
Event: 7.559 Thread 0x0000000057274000 DEOPT UNPACKING pc=0x000000000298556a sp=0x000000005806e918 mode 2
Event: 7.565 Thread 0x0000000057274000 Uncommon trap: trap_request=0xffffff65 fr.pc=0x0000000002d686f0
Event: 7.565 Thread 0x0000000057274000 DEOPT PACKING pc=0x0000000002d686f0 sp=0x000000005806ecb0
Event: 7.565 Thread 0x0000000057274000 DEOPT UNPACKING pc=0x000000000298556a sp=0x000000005806ec78 mode 2
Event: 7.575 Thread 0x0000000057274000 DEOPT PACKING pc=0x0000000002f3d7db sp=0x000000005806ef90
Event: 7.575 Thread 0x0000000057274000 DEOPT UNPACKING pc=0x00000000029875bf sp=0x000000005806ed48 mode 0
Event: 7.714 Thread 0x0000000057274000 DEOPT PACKING pc=0x0000000002db245d sp=0x000000005806ee50
Event: 7.714 Thread 0x0000000057274000 DEOPT UNPACKING pc=0x00000000029875bf sp=0x000000005806eb88 mode 0


Dynamic libraries:
0x000000013fe40000 - 0x000000013fe71000 	D:\AS\jre\bin\java.exe
0x0000000077240000 - 0x00000000773ea000 	C:\Windows\SYSTEM32\ntdll.dll
0x0000000077020000 - 0x000000007713f000 	C:\Windows\system32\kernel32.dll
0x000007fefd0a0000 - 0x000007fefd10a000 	C:\Windows\system32\KERNELBASE.dll
0x000007fefe560000 - 0x000007fefe63b000 	C:\Windows\system32\ADVAPI32.dll
0x000007feff4b0000 - 0x000007feff54f000 	C:\Windows\system32\msvcrt.dll
0x000007feff490000 - 0x000007feff4af000 	C:\Windows\SYSTEM32\sechost.dll
0x000007fefdde0000 - 0x000007fefdf0d000 	C:\Windows\system32\RPCRT4.dll
0x0000000077140000 - 0x000000007723a000 	C:\Windows\system32\USER32.dll
0x000007fefd970000 - 0x000007fefd9d7000 	C:\Windows\system32\GDI32.dll
0x000007fefe550000 - 0x000007fefe55e000 	C:\Windows\system32\LPK.dll
0x000007fefd6a0000 - 0x000007fefd76b000 	C:\Windows\system32\USP10.dll
0x000007fefbf20000 - 0x000007fefc114000 	C:\Windows\WinSxS\amd64_microsoft.windows.common-controls_6595b64144ccf1df_6.0.7601.17514_none_fa396087175ac9ac\COMCTL32.dll
0x000007feff410000 - 0x000007feff481000 	C:\Windows\system32\SHLWAPI.dll
0x000007feff3e0000 - 0x000007feff40e000 	C:\Windows\system32\IMM32.DLL
0x000007fefdb70000 - 0x000007fefdc79000 	C:\Windows\system32\MSCTF.dll
0x000007fefce70000 - 0x000007fefcea0000 	C:\Windows\system32\nvinitx.dll
0x000007fefce60000 - 0x000007fefce6c000 	C:\Windows\system32\VERSION.dll
0x0000000074bb0000 - 0x0000000074bb6000 	C:\Program Files\NVIDIA Corporation\CoProcManager\detoured.dll
0x000007fefba30000 - 0x000007fefba68000 	C:\Program Files\NVIDIA Corporation\CoProcManager\nvd3d9wrapx.dll
0x000007fefe050000 - 0x000007fefe227000 	C:\Windows\system32\SETUPAPI.dll
0x000007fefcf70000 - 0x000007fefcfa6000 	C:\Windows\system32\CFGMGR32.dll
0x000007fefdd00000 - 0x000007fefddda000 	C:\Windows\system32\OLEAUT32.dll
0x000007fefd770000 - 0x000007fefd96c000 	C:\Windows\system32\ole32.dll
0x000007fefcf50000 - 0x000007fefcf6a000 	C:\Windows\system32\DEVOBJ.dll
0x000007fefb860000 - 0x000007fefb884000 	C:\Program Files\NVIDIA Corporation\CoProcManager\nvdxgiwrapx.dll
0x0000000059010000 - 0x00000000590e2000 	D:\AS\jre\jre\bin\msvcr100.dll
0x0000000054830000 - 0x000000005506e000 	D:\AS\jre\jre\bin\server\jvm.dll
0x000007fef7630000 - 0x000007fef7639000 	C:\Windows\system32\WSOCK32.dll
0x000007fefe500000 - 0x000007fefe54d000 	C:\Windows\system32\WS2_32.dll
0x000007feff3d0000 - 0x000007feff3d8000 	C:\Windows\system32\NSI.dll
0x000007fefb220000 - 0x000007fefb25b000 	C:\Windows\system32\WINMM.dll
0x0000000077410000 - 0x0000000077417000 	C:\Windows\system32\PSAPI.DLL
0x000007fefb260000 - 0x000007fefb26f000 	D:\AS\jre\jre\bin\verify.dll
0x000007fef4570000 - 0x000007fef4599000 	D:\AS\jre\jre\bin\java.dll
0x000007fef4550000 - 0x000007fef4566000 	D:\AS\jre\jre\bin\zip.dll
0x000007fefe640000 - 0x000007feff3ca000 	C:\Windows\system32\SHELL32.dll
0x000007fefcf30000 - 0x000007fefcf3f000 	C:\Windows\system32\profapi.dll

VM Arguments:
jvm_args: -Djava.awt.headless=true -Xmx1024M -Dfile.encoding=GBK -Duser.country=CN -Duser.language=zh -Duser.variant 
java_command: com.android.dx.command.Main --dex --num-threads=4 --output E:\open\ics-openvpn\main\build\intermediates\pre-dexed\modern\debug\com.android.support-support-core-ui-24.2.1_6997c7e237207721bb8892c2da0cb46371ee182b.jar E:\open\ics-openvpn\main\build\intermediates\exploded-aar\com.android.support\support-core-ui\24.2.1\jars\classes.jar
java_class_path (initial): E:\Android\SDK\build-tools\24.0.0\lib\dx.jar
Launcher Type: SUN_STANDARD

Environment Variables:
JAVA_HOME=D:\Program Files\Java\jdk1.7.0_80
CLASSPATH=.;D:\Program Files\Java\jdk1.7.0_80\lib;D:\Program Files\Java\jdk1.7.0_80\lib\dt.jar;D:\Program Files\Java\jdk1.7.0_80\lib\tools.jar
PATH=C:\Windows\system32;C:\Windows;C:\Windows\System32\Wbem;C:\Windows\System32\WindowsPowerShell\v1.0\;C:\Program Files (x86)\Microsoft SQL Server\100\Tools\Binn\;C:\Program Files\Microsoft SQL Server\100\Tools\Binn\;C:\Program Files\Microsoft SQL Server\100\DTS\Binn\;D:\TortoiseSVN\bin;C:\Program Files\Lenovo\Bluetooth Software\;C:\Program Files\Lenovo\Bluetooth Software\syswow64;D:\ADB;C:\Program Files\nodejs\;C:\Users\bingo\AppData\Local\Programs\Python\Python35\Scripts\;C:\Users\bingo\AppData\Local\Programs\Python\Python35\;D:\Qt\Qt5.2.0\5.2.0\msvc2010_opengl\bin\;D:\ADB;C:\Users\bingo\AppData\Roaming\npm;C:\MinGW\bin;C:\Program Files\Git\cmd;D:\Program Files\Java\jdk1.7.0_80\bin;D:\Program Files\Java\jdk1.7.0_80\jre\bin;E:\Android\SDK\ndk-bundle;D:\swigwin-3.0.12;E:\Android\SDK\cmake\3.6.4111459\bin\;C:\Users\bingo\AppData\Local\Programs\Python\Python35\Scripts\;C:\Users\bingo\AppData\Local\Programs\Python\Python35\;D:\Qt\Qt5.2.0\5.2.0\msvc2010_opengl\bin\;D:\Qt\Qt5.2.0\5.2.0\MinGW\bin;D:\ADB;C:\Users\bingo\AppData\Roaming\npm
USERNAME=bingo
OS=Windows_NT
PROCESSOR_IDENTIFIER=Intel64 Family 6 Model 58 Stepping 9, GenuineIntel



---------------  S Y S T E M  ---------------

OS: Windows 7 , 64 bit Build 7601 (6.1.7601.23915)

CPU:total 4 (initial active 4) (2 cores per cpu, 2 threads per core) family 6 model 58 stepping 9, cmov, cx8, fxsr, mmx, sse, sse2, sse3, ssse3, sse4.1, sse4.2, popcnt, avx, clmul, erms, ht, tsc, tscinvbit, tscinv

Memory: 4k page, physical 7167248k(640572k free), swap 7165388k(3228k free)

vm_info: OpenJDK 64-Bit Server VM (25.152-b01) for windows-amd64 JRE (1.8.0_152-release-915-b01), built by "builder" with MS VC++ 10.0 (VS2010)

time: Thu Apr 19 11:14:07 2018
elapsed time: 7 seconds (0d 0h 0m 7s)

