#
# A fatal error has been detected by the Java Runtime Environment:
#
#  EXCEPTION_STACK_OVERFLOW (0xc00000fd) at pc=0x0000000054a1c5f7, pid=18244, tid=0x00000000000047f8
#
# JRE version: OpenJDK Runtime Environment (8.0_152-b01) (build 1.8.0_152-release-915-b01)
# Java VM: OpenJDK 64-Bit Server VM (25.152-b01 mixed mode windows-amd64 compressed oops)
# Problematic frame:
# V  [jvm.dll+0x1ec5f7]
#
# Failed to write core dump. Minidumps are not enabled by default on client versions of Windows
#
# If you would like to submit a bug report, please visit:
#   http://bugreport.java.com/bugreport/crash.jsp
#

---------------  T H R E A D  ---------------

Current thread (0x0000000056fe8800):  JavaThread "pool-1-thread-2" [_thread_in_vm, id=18424, stack(0x0000000057f40000,0x0000000058040000)]

siginfo: ExceptionCode=0xc00000fd, ExceptionInformation=0x0000000000000001 0x000000005803b380 

Registers:
RAX=0x000000005803b380, RBX=0x0000000000000005, RCX=0x0000000000004000, RDX=0x0000000000000006
RSP=0x000000005803f380, RBP=0x0000000000000000, RSI=0x000000005803f380, RDI=0x0000000000000005
R8 =0x0000000000000006, R9 =0x0000000056fdd820, R10=0x000000005509d9a0, R11=0x0000000057f4a148
R12=0x0000000056fdd820, R13=0x0000000056fe8800, R14=0x000000005803f448, R15=0x000000005509d9a0
RIP=0x0000000054a1c5f7, EFLAGS=0x0000000000010202

Top of Stack: (sp=0x000000005803f380)
0x000000005803f380:   00000000025823c0 0000000059064e7e
0x000000005803f390:   0000000056fe8800 0000000056fdd820
0x000000005803f3a0:   00000000ffffffff 0000000054a1d527
0x000000005803f3b0:   000000005803f4b0 000000005509d9a0
0x000000005803f3c0:   0000000056fe8800 00000000548cb2d3
0x000000005803f3d0:   000000005803f410 0000000056fe8800
0x000000005803f3e0:   000000005803f4a0 0000000056fe8800
0x000000005803f3f0:   000000005509d9a0 0000000056fe8800
0x000000005803f400:   0000000002942f20 0000000056fe8800
0x000000005803f410:   000000005509d9a0 0000000056fe8800
0x000000005803f420:   000000005509d9a0 0000000056fe8800
0x000000005803f430:   0000000000000001 000000005509d9a0
0x000000005803f440:   0000000056fe8800 0000000056d93c00
0x000000005803f450:   0000000056fe8800 00000000548cc7bd
0x000000005803f460:   000000005803f768 00000000147b66b0
0x000000005803f470:   00000000147b66b0 0000000054dd1ff3 

Instructions: (pc=0x0000000054a1c5f7)
0x0000000054a1c5d7:   48 89 6c 24 30 33 ed 66 90 e8 ab bf 07 00 ff c3
0x0000000054a1c5e7:   48 63 c8 48 8b c6 48 0f af cf 48 ff c7 48 2b c1
0x0000000054a1c5f7:   89 28 48 63 c3 48 3b 05 a5 3f 57 00 7e db 48 8b
0x0000000054a1c607:   6c 24 30 48 8b 5c 24 38 48 8b 74 24 40 48 83 c4 


Register to memory mapping:

RAX=0x000000005803b380 is pointing into the stack for thread: 0x0000000056fe8800
RBX=0x0000000000000005 is an unknown value
RCX=0x0000000000004000 is an unknown value
RDX=0x0000000000000006 is an unknown value
RSP=0x000000005803f380 is pointing into the stack for thread: 0x0000000056fe8800
RBP=0x0000000000000000 is an unknown value
RSI=0x000000005803f380 is pointing into the stack for thread: 0x0000000056fe8800
RDI=0x0000000000000005 is an unknown value
R8 =0x0000000000000006 is an unknown value
R9 =0x0000000056fdd820 is an unknown value
R10={method} {0x000000005509d9a8} 'run' '()V' in 'java/lang/Thread'
R11=0x0000000057f4a148 is pointing into the stack for thread: 0x0000000056fe8800
R12=0x0000000056fdd820 is an unknown value
R13=0x0000000056fe8800 is a thread
R14=0x000000005803f448 is pointing into the stack for thread: 0x0000000056fe8800
R15={method} {0x000000005509d9a8} 'run' '()V' in 'java/lang/Thread'


Stack: [0x0000000057f40000,0x0000000058040000],  sp=0x000000005803f380,  free space=1020k
Native frames: (J=compiled Java code, j=interpreted, Vv=VM code, C=native code)


---------------  P R O C E S S  ---------------

Java Threads: ( => current thread )
  0x0000000056fea000 JavaThread "pool-1-thread-4" [_thread_new, id=18280, stack(0x0000000000000000,0x0000000000000000)]
  0x0000000056fe9000 JavaThread "pool-1-thread-3" [_thread_new, id=18420, stack(0x0000000000000000,0x0000000000000000)]
=>0x0000000056fe8800 JavaThread "pool-1-thread-2" [_thread_in_vm, id=18424, stack(0x0000000057f40000,0x0000000058040000)]
  0x0000000056fd5000 JavaThread "pool-2-thread-1" [_thread_blocked, id=18296, stack(0x0000000057af0000,0x0000000057bf0000)]
  0x0000000056fd1800 JavaThread "pool-1-thread-1" [_thread_blocked, id=18252, stack(0x0000000057c80000,0x0000000057d80000)]
  0x0000000056d8f800 JavaThread "Service Thread" daemon [_thread_blocked, id=16312, stack(0x0000000057800000,0x0000000057900000)]
  0x0000000056d6b000 JavaThread "C1 CompilerThread2" daemon [_thread_blocked, id=17628, stack(0x0000000057700000,0x0000000057800000)]
  0x0000000056d6a000 JavaThread "C2 CompilerThread1" daemon [_thread_blocked, id=17416, stack(0x0000000057600000,0x0000000057700000)]
  0x0000000056d0b000 JavaThread "C2 CompilerThread0" daemon [_thread_blocked, id=17500, stack(0x0000000057100000,0x0000000057200000)]
  0x0000000056d0a800 JavaThread "Attach Listener" daemon [_thread_blocked, id=17456, stack(0x0000000057430000,0x0000000057530000)]
  0x0000000055a63000 JavaThread "Signal Dispatcher" daemon [_thread_blocked, id=16216, stack(0x0000000057240000,0x0000000057340000)]
  0x0000000055a4d800 JavaThread "Finalizer" daemon [_thread_blocked, id=17752, stack(0x0000000056960000,0x0000000056a60000)]
  0x0000000055a04800 JavaThread "Reference Handler" daemon [_thread_blocked, id=17512, stack(0x0000000056c00000,0x0000000056d00000)]
  0x000000000248f800 JavaThread "main" [_thread_in_Java, id=17788, stack(0x0000000002830000,0x0000000002930000)]

Other Threads:
  0x00000000559fd800 VMThread [stack: 0x0000000056ae0000,0x0000000056be0000] [id=17744]
  0x0000000056d91000 WatcherThread [stack: 0x00000000579e0000,0x0000000057ae0000] [id=16132]

VM state:not at safepoint (normal execution)

VM Mutex/Monitor currently owned by a thread: None

Heap:
 PSYoungGen      total 32768K, used 7347K [0x00000000eab00000, 0x00000000ecf80000, 0x0000000100000000)
  eden space 28160K, 26% used [0x00000000eab00000,0x00000000eb22cfb0,0x00000000ec680000)
  from space 4608K, 0% used [0x00000000ecb00000,0x00000000ecb00000,0x00000000ecf80000)
  to   space 4608K, 0% used [0x00000000ec680000,0x00000000ec680000,0x00000000ecb00000)
 ParOldGen       total 75264K, used 0K [0x00000000c0000000, 0x00000000c4980000, 0x00000000eab00000)
  object space 75264K, 0% used [0x00000000c0000000,0x00000000c0000000,0x00000000c4980000)
 Metaspace       used 3982K, capacity 5168K, committed 5376K, reserved 1056768K
  class space    used 435K, capacity 488K, committed 512K, reserved 1048576K

Card table byte_map: [0x0000000011cf0000,0x0000000011f00000] byte_map_base: 0x00000000116f0000

Marking Bits: (ParMarkBitMap*) 0x0000000054ff3950
 Begin Bits: [0x00000000125b0000, 0x00000000135b0000)
 End Bits:   [0x00000000135b0000, 0x00000000145b0000)

Polling page: 0x0000000000130000

CodeCache: size=245760Kb used=1585Kb max_used=1585Kb free=244174Kb
 bounds [0x0000000002930000, 0x0000000002ba0000, 0x0000000011930000]
 total_blobs=485 nmethods=228 adapters=169
 compilation: enabled

Compilation events (10 events):
Event: 1.222 Thread 0x0000000056d6b000  208       1       com.android.dx.rop.cst.CstNat::isCategory2 (2 bytes)
Event: 1.222 Thread 0x0000000056d6b000 nmethod 208 0x0000000002ab5690 code [0x0000000002ab57e0, 0x0000000002ab58f0]
Event: 1.222 Thread 0x0000000056d6b000  205       1       com.android.dx.util.ByteArray::size (5 bytes)
Event: 1.222 Thread 0x0000000056d6b000 nmethod 205 0x0000000002ab5950 code [0x0000000002ab5aa0, 0x0000000002ab5bb0]
Event: 1.222 Thread 0x0000000056d6b000  214       1       com.android.dx.util.MutabilityControl::isMutable (5 bytes)
Event: 1.222 Thread 0x0000000056d6b000 nmethod 214 0x0000000002ab5c10 code [0x0000000002ab5d60, 0x0000000002ab5e70]
Event: 1.222 Thread 0x0000000056d6b000  202  s!   3       java.net.URLStreamHandler::getHostAddress (54 bytes)
Event: 1.223 Thread 0x0000000056d6b000 nmethod 202 0x0000000002ab5ed0 code [0x0000000002ab6060, 0x0000000002ab6718]
Event: 1.244 Thread 0x0000000056d0b000  220       4       com.android.dx.util.ByteArray::getUnsignedByte (14 bytes)
Event: 1.244 Thread 0x0000000056d6b000  224   !   3       com.android.dx.util.FixedSizeList::set0 (22 bytes)

GC Heap History (0 events):
No events

Deoptimization events (1 events):
Event: 1.145 Thread 0x000000000248f800 Uncommon trap: reason=unstable_if action=reinterpret pc=0x0000000002a7b78c method=java.lang.String.indexOf(II)I @ 49

Classes redefined (0 events):
No events

Internal exceptions (2 events):
Event: 0.045 Thread 0x000000000248f800 Exception <a 'java/lang/NoSuchMethodError': Method sun.misc.Unsafe.defineClass(Ljava/lang/String;[BII)Ljava/lang/Class; name or signature does not match> (0x00000000eab07ca8) thrown at [D:\src\AOSP-openjdk-cygwin\jdk8u\hotspot\src\share\vm\prims\jni.cpp, 
Event: 0.045 Thread 0x000000000248f800 Exception <a 'java/lang/NoSuchMethodError': Method sun.misc.Unsafe.prefetchRead(Ljava/lang/Object;J)V name or signature does not match> (0x00000000eab07f90) thrown at [D:\src\AOSP-openjdk-cygwin\jdk8u\hotspot\src\share\vm\prims\jni.cpp, line 4011]

Events (10 events):
Event: 1.220 loading class com/android/dx/rop/annotation/AnnotationVisibility
Event: 1.220 loading class com/android/dx/rop/annotation/AnnotationVisibility done
Event: 1.224 loading class com/android/dx/rop/annotation/Annotations
Event: 1.224 loading class com/android/dx/rop/annotation/Annotations done
Event: 1.225 loading class com/android/dx/rop/annotation/Annotation
Event: 1.225 loading class com/android/dx/rop/annotation/Annotation done
Event: 1.225 loading class com/android/dx/cf/attrib/AttRuntimeInvisibleAnnotations
Event: 1.225 loading class com/android/dx/cf/attrib/AttRuntimeInvisibleAnnotations done
Event: 1.226 loading class com/android/dx/cf/attrib/BaseAnnotations
Event: 1.226 loading class com/android/dx/cf/attrib/BaseAnnotations done


Dynamic libraries:
0x000000013fe40000 - 0x000000013fe71000 	D:\AS\jre\bin\java.exe
0x0000000077240000 - 0x00000000773ea000 	C:\Windows\SYSTEM32\ntdll.dll
0x0000000077020000 - 0x000000007713f000 	C:\Windows\system32\kernel32.dll
0x000007fefd0a0000 - 0x000007fefd10a000 	C:\Windows\system32\KERNELBASE.dll
0x000007fefe560000 - 0x000007fefe63b000 	C:\Windows\system32\ADVAPI32.dll
0x000007feff4b0000 - 0x000007feff54f000 	C:\Windows\system32\msvcrt.dll
0x000007feff490000 - 0x000007feff4af000 	C:\Windows\SYSTEM32\sechost.dll
0x000007fefdde0000 - 0x000007fefdf0d000 	C:\Windows\system32\RPCRT4.dll
0x0000000077140000 - 0x000000007723a000 	C:\Windows\system32\USER32.dll
0x000007fefd970000 - 0x000007fefd9d7000 	C:\Windows\system32\GDI32.dll
0x000007fefe550000 - 0x000007fefe55e000 	C:\Windows\system32\LPK.dll
0x000007fefd6a0000 - 0x000007fefd76b000 	C:\Windows\system32\USP10.dll
0x000007fefbf20000 - 0x000007fefc114000 	C:\Windows\WinSxS\amd64_microsoft.windows.common-controls_6595b64144ccf1df_6.0.7601.17514_none_fa396087175ac9ac\COMCTL32.dll
0x000007feff410000 - 0x000007feff481000 	C:\Windows\system32\SHLWAPI.dll
0x000007feff3e0000 - 0x000007feff40e000 	C:\Windows\system32\IMM32.DLL
0x000007fefdb70000 - 0x000007fefdc79000 	C:\Windows\system32\MSCTF.dll
0x000007fefce70000 - 0x000007fefcea0000 	C:\Windows\system32\nvinitx.dll
0x000007fefce60000 - 0x000007fefce6c000 	C:\Windows\system32\VERSION.dll
0x0000000074bb0000 - 0x0000000074bb6000 	C:\Program Files\NVIDIA Corporation\CoProcManager\detoured.dll
0x000007fefba30000 - 0x000007fefba68000 	C:\Program Files\NVIDIA Corporation\CoProcManager\nvd3d9wrapx.dll
0x000007fefe050000 - 0x000007fefe227000 	C:\Windows\system32\SETUPAPI.dll
0x000007fefcf70000 - 0x000007fefcfa6000 	C:\Windows\system32\CFGMGR32.dll
0x000007fefdd00000 - 0x000007fefddda000 	C:\Windows\system32\OLEAUT32.dll
0x000007fefd770000 - 0x000007fefd96c000 	C:\Windows\system32\ole32.dll
0x000007fefcf50000 - 0x000007fefcf6a000 	C:\Windows\system32\DEVOBJ.dll
0x000007fefb860000 - 0x000007fefb884000 	C:\Program Files\NVIDIA Corporation\CoProcManager\nvdxgiwrapx.dll
0x0000000059010000 - 0x00000000590e2000 	D:\AS\jre\jre\bin\msvcr100.dll
0x0000000054830000 - 0x000000005506e000 	D:\AS\jre\jre\bin\server\jvm.dll
0x000007fef7630000 - 0x000007fef7639000 	C:\Windows\system32\WSOCK32.dll
0x000007fefe500000 - 0x000007fefe54d000 	C:\Windows\system32\WS2_32.dll
0x000007feff3d0000 - 0x000007feff3d8000 	C:\Windows\system32\NSI.dll
0x000007fefb220000 - 0x000007fefb25b000 	C:\Windows\system32\WINMM.dll
0x0000000077410000 - 0x0000000077417000 	C:\Windows\system32\PSAPI.DLL
0x000007fefb260000 - 0x000007fefb26f000 	D:\AS\jre\jre\bin\verify.dll
0x000007fef4570000 - 0x000007fef4599000 	D:\AS\jre\jre\bin\java.dll
0x000007fef4550000 - 0x000007fef4566000 	D:\AS\jre\jre\bin\zip.dll
0x000007fefe640000 - 0x000007feff3ca000 	C:\Windows\system32\SHELL32.dll
0x000007fefcf30000 - 0x000007fefcf3f000 	C:\Windows\system32\profapi.dll

VM Arguments:
jvm_args: -Djava.awt.headless=true -Xmx1024M -Dfile.encoding=GBK -Duser.country=CN -Duser.language=zh -Duser.variant 
java_command: com.android.dx.command.Main --dex --num-threads=4 --output E:\open\ics-openvpn\main\build\intermediates\pre-dexed\modern\debug\com.android.support-recyclerview-v7-24.2.1_4f1d75b0f167d325069434ff7191b98ebcda96ef.jar E:\open\ics-openvpn\main\build\intermediates\exploded-aar\com.android.support\recyclerview-v7\24.2.1\jars\classes.jar
java_class_path (initial): E:\Android\SDK\build-tools\24.0.0\lib\dx.jar
Launcher Type: SUN_STANDARD

Environment Variables:
JAVA_HOME=D:\Program Files\Java\jdk1.7.0_80
CLASSPATH=.;D:\Program Files\Java\jdk1.7.0_80\lib;D:\Program Files\Java\jdk1.7.0_80\lib\dt.jar;D:\Program Files\Java\jdk1.7.0_80\lib\tools.jar
PATH=C:\Windows\system32;C:\Windows;C:\Windows\System32\Wbem;C:\Windows\System32\WindowsPowerShell\v1.0\;C:\Program Files (x86)\Microsoft SQL Server\100\Tools\Binn\;C:\Program Files\Microsoft SQL Server\100\Tools\Binn\;C:\Program Files\Microsoft SQL Server\100\DTS\Binn\;D:\TortoiseSVN\bin;C:\Program Files\Lenovo\Bluetooth Software\;C:\Program Files\Lenovo\Bluetooth Software\syswow64;D:\ADB;C:\Program Files\nodejs\;C:\Users\bingo\AppData\Local\Programs\Python\Python35\Scripts\;C:\Users\bingo\AppData\Local\Programs\Python\Python35\;D:\Qt\Qt5.2.0\5.2.0\msvc2010_opengl\bin\;D:\ADB;C:\Users\bingo\AppData\Roaming\npm;C:\MinGW\bin;C:\Program Files\Git\cmd;D:\Program Files\Java\jdk1.7.0_80\bin;D:\Program Files\Java\jdk1.7.0_80\jre\bin;E:\Android\SDK\ndk-bundle;D:\swigwin-3.0.12;E:\Android\SDK\cmake\3.6.4111459\bin\;C:\Users\bingo\AppData\Local\Programs\Python\Python35\Scripts\;C:\Users\bingo\AppData\Local\Programs\Python\Python35\;D:\Qt\Qt5.2.0\5.2.0\msvc2010_opengl\bin\;D:\Qt\Qt5.2.0\5.2.0\MinGW\bin;D:\ADB;C:\Users\bingo\AppData\Roaming\npm
USERNAME=bingo
OS=Windows_NT
PROCESSOR_IDENTIFIER=Intel64 Family 6 Model 58 Stepping 9, GenuineIntel



---------------  S Y S T E M  ---------------

OS: Windows 7 , 64 bit Build 7601 (6.1.7601.23915)

CPU:total 4 (initial active 4) (2 cores per cpu, 2 threads per core) family 6 model 58 stepping 9, cmov, cx8, fxsr, mmx, sse, sse2, sse3, ssse3, sse4.1, sse4.2, popcnt, avx, clmul, erms, ht, tsc, tscinvbit, tscinv

Memory: 4k page, physical 7167248k(701448k free), swap 7165388k(1020k free)

vm_info: OpenJDK 64-Bit Server VM (25.152-b01) for windows-amd64 JRE (1.8.0_152-release-915-b01), built by "builder" with MS VC++ 10.0 (VS2010)

time: Thu Apr 19 11:12:02 2018
elapsed time: 1 seconds (0d 0h 0m 1s)

