#
# There is insufficient memory for the Java Runtime Environment to continue.
# Native memory allocation (malloc) failed to allocate 787536 bytes for Chunk::new
# Possible reasons:
#   The system is out of physical RAM or swap space
#   In 32 bit mode, the process size limit was hit
# Possible solutions:
#   Reduce memory load on the system
#   Increase physical memory or swap space
#   Check if swap backing store is full
#   Use 64 bit Java on a 64 bit OS
#   Decrease Java heap size (-Xmx/-Xms)
#   Decrease number of Java threads
#   Decrease Java thread stack sizes (-Xss)
#   Set larger code cache with -XX:ReservedCodeCacheSize=
# This output file may be truncated or incomplete.
#
#  Out of Memory Error (allocation.cpp:390), pid=17444, tid=0x000000000000451c
#
# JRE version: OpenJDK Runtime Environment (8.0_152-b01) (build 1.8.0_152-release-915-b01)
# Java VM: OpenJDK 64-Bit Server VM (25.152-b01 mixed mode windows-amd64 compressed oops)
# Failed to write core dump. Minidumps are not enabled by default on client versions of Windows
#

---------------  T H R E A D  ---------------

Current thread (0x0000000056da2800):  JavaThread "C2 CompilerThread1" daemon [_thread_in_native, id=17692, stack(0x0000000057580000,0x0000000057680000)]

Stack: [0x0000000057580000,0x0000000057680000]
[error occurred during error reporting (printing stack bounds), id 0xc0000005]

Native frames: (J=compiled Java code, j=interpreted, Vv=VM code, C=native code)


Current CompileTask:
C2:   2993 1241       4       com.android.dx.ssa.NormalSsaInsn::accept (25 bytes)


---------------  P R O C E S S  ---------------

Java Threads: ( => current thread )
  0x0000000057079800 JavaThread "pool-1-thread-4" [_thread_blocked, id=17832, stack(0x0000000057dd0000,0x0000000057ed0000)]
  0x000000005706e000 JavaThread "pool-1-thread-3" [_thread_blocked, id=17828, stack(0x0000000057cd0000,0x0000000057dd0000)]
  0x0000000056f62000 JavaThread "pool-1-thread-2" [_thread_blocked, id=17808, stack(0x00000000578f0000,0x00000000579f0000)]
  0x0000000056f61000 JavaThread "pool-2-thread-1" [_thread_blocked, id=17796, stack(0x00000000576b0000,0x00000000577b0000)]
  0x0000000056f60000 JavaThread "pool-1-thread-1" [_thread_blocked, id=17792, stack(0x0000000057b30000,0x0000000057c30000)]
  0x0000000056da9000 JavaThread "Service Thread" daemon [_thread_blocked, id=17704, stack(0x0000000057460000,0x0000000057560000)]
  0x0000000056da4000 JavaThread "C1 CompilerThread2" daemon [_thread_blocked, id=17696, stack(0x00000000577c0000,0x00000000578c0000)]
=>0x0000000056da2800 JavaThread "C2 CompilerThread1" daemon [_thread_in_native, id=17692, stack(0x0000000057580000,0x0000000057680000)]
  0x000000005480e000 JavaThread "C2 CompilerThread0" daemon [_thread_in_native, id=17688, stack(0x0000000056900000,0x0000000056a00000)]
  0x0000000056d8b800 JavaThread "Attach Listener" daemon [_thread_blocked, id=17684, stack(0x0000000057340000,0x0000000057440000)]
  0x0000000056d8a800 JavaThread "Signal Dispatcher" daemon [_thread_blocked, id=17680, stack(0x0000000057230000,0x0000000057330000)]
  0x00000000547ea800 JavaThread "Finalizer" daemon [_thread_blocked, id=17628, stack(0x0000000056c80000,0x0000000056d80000)]
  0x00000000547a3000 JavaThread "Reference Handler" daemon [_thread_blocked, id=17624, stack(0x0000000056a90000,0x0000000056b90000)]
  0x000000000036f000 JavaThread "main" [_thread_in_native, id=17572, stack(0x0000000002720000,0x0000000002820000)]

Other Threads:
  0x000000005479b800 VMThread [stack: 0x00000000567d0000,0x00000000568d0000] [id=17620]
  0x0000000056daa800 WatcherThread [stack: 0x0000000057a00000,0x0000000057b00000] [id=17708]

VM state:not at safepoint (normal execution)

VM Mutex/Monitor currently owned by a thread: None

Heap:
 PSYoungGen      total 32768K, used 28849K [0x00000000eab00000, 0x00000000ecf80000, 0x0000000100000000)
  eden space 28160K, 86% used [0x00000000eab00000,0x00000000ec2b29a8,0x00000000ec680000)
  from space 4608K, 99% used [0x00000000ec680000,0x00000000ecaf9a70,0x00000000ecb00000)
  to   space 4608K, 0% used [0x00000000ecb00000,0x00000000ecb00000,0x00000000ecf80000)
 ParOldGen       total 75264K, used 1010K [0x00000000c0000000, 0x00000000c4980000, 0x00000000eab00000)
  object space 75264K, 1% used [0x00000000c0000000,0x00000000c00fcac0,0x00000000c4980000)
 Metaspace       used 6105K, capacity 7026K, committed 7296K, reserved 1056768K
  class space    used 598K, capacity 618K, committed 640K, reserved 1048576K

Card table byte_map: [0x0000000011be0000,0x0000000011df0000] byte_map_base: 0x00000000115e0000

Marking Bits: (ParMarkBitMap*) 0x0000000054ff3950
 Begin Bits: [0x0000000012410000, 0x0000000013410000)
 End Bits:   [0x0000000013410000, 0x0000000014410000)

Polling page: 0x0000000000330000

CodeCache: size=245760Kb used=5502Kb max_used=5510Kb free=240257Kb
 bounds [0x0000000002820000, 0x0000000002d90000, 0x0000000011820000]
 total_blobs=1588 nmethods=1325 adapters=177
 compilation: enabled

Compilation events (10 events):
Event: 2.876 Thread 0x000000005480e000 nmethod 1317 0x0000000002d799d0 code [0x0000000002d79c00, 0x0000000002d7baf8]
Event: 2.876 Thread 0x000000005480e000 1326   !   4       com.android.dx.rop.code.RegisterSpec::intern (70 bytes)
Event: 2.880 Thread 0x0000000056da4000 1339       2       com.android.dx.cf.direct.DirectClassFile::getSourceFile (31 bytes)
Event: 2.880 Thread 0x0000000056da4000 nmethod 1339 0x0000000002d79490 code [0x0000000002d79600, 0x0000000002d79858]
Event: 2.880 Thread 0x0000000056da4000 1340       2       com.android.dx.rop.type.Type::getInitializedType (42 bytes)
Event: 2.881 Thread 0x0000000056da4000 nmethod 1340 0x0000000002d78d50 code [0x0000000002d78ee0, 0x0000000002d79298]
Event: 2.881 Thread 0x0000000056da4000 1341       2       java.io.File::isInvalid (47 bytes)
Event: 2.882 Thread 0x0000000056da4000 nmethod 1341 0x0000000002d78910 code [0x0000000002d78a80, 0x0000000002d78c88]
Event: 2.913 Thread 0x0000000056da4000 1342       2       com.android.dx.ssa.SCCP::replaceBranches (142 bytes)
Event: 2.914 Thread 0x0000000056da4000 nmethod 1342 0x0000000002d77b50 code [0x0000000002d77d40, 0x0000000002d78348]

GC Heap History (2 events):
Event: 2.609 GC heap before
{Heap before GC invocations=1 (full 0):
 PSYoungGen      total 32768K, used 28160K [0x00000000eab00000, 0x00000000ecf80000, 0x0000000100000000)
  eden space 28160K, 100% used [0x00000000eab00000,0x00000000ec680000,0x00000000ec680000)
  from space 4608K, 0% used [0x00000000ecb00000,0x00000000ecb00000,0x00000000ecf80000)
  to   space 4608K, 0% used [0x00000000ec680000,0x00000000ec680000,0x00000000ecb00000)
 ParOldGen       total 75264K, used 0K [0x00000000c0000000, 0x00000000c4980000, 0x00000000eab00000)
  object space 75264K, 0% used [0x00000000c0000000,0x00000000c0000000,0x00000000c4980000)
 Metaspace       used 5947K, capacity 6960K, committed 7040K, reserved 1056768K
  class space    used 579K, capacity 616K, committed 640K, reserved 1048576K
Event: 2.619 GC heap after
Heap after GC invocations=1 (full 0):
 PSYoungGen      total 32768K, used 4582K [0x00000000eab00000, 0x00000000ecf80000, 0x0000000100000000)
  eden space 28160K, 0% used [0x00000000eab00000,0x00000000eab00000,0x00000000ec680000)
  from space 4608K, 99% used [0x00000000ec680000,0x00000000ecaf9a70,0x00000000ecb00000)
  to   space 4608K, 0% used [0x00000000ecb00000,0x00000000ecb00000,0x00000000ecf80000)
 ParOldGen       total 75264K, used 1010K [0x00000000c0000000, 0x00000000c4980000, 0x00000000eab00000)
  object space 75264K, 1% used [0x00000000c0000000,0x00000000c00fcac0,0x00000000c4980000)
 Metaspace       used 5947K, capacity 6960K, committed 7040K, reserved 1056768K
  class space    used 579K, capacity 616K, committed 640K, reserved 1048576K
}

Deoptimization events (10 events):
Event: 2.656 Thread 0x000000005706e000 Uncommon trap: reason=null_check action=make_not_entrant pc=0x0000000002b5b590 method=com.android.dx.rop.type.Type.equals(Ljava/lang/Object;)Z @ 8
Event: 2.661 Thread 0x0000000056f60000 Uncommon trap: reason=null_check action=make_not_entrant pc=0x0000000002cca2b8 method=com.android.dx.ssa.SsaRenamer.getLocalForNewReg(I)Lcom/android/dx/rop/code/LocalItem; @ 19
Event: 2.661 Thread 0x0000000056f60000 Uncommon trap: reason=null_check action=make_not_entrant pc=0x0000000002cd55f4 method=com.android.dx.ssa.SsaRenamer.getLocalForNewReg(I)Lcom/android/dx/rop/code/LocalItem; @ 19
Event: 2.683 Thread 0x000000000036f000 Uncommon trap: reason=unstable_if action=reinterpret pc=0x0000000002a08868 method=java.lang.String.<init>([CII)V @ 18
Event: 2.731 Thread 0x0000000056f60000 Uncommon trap: reason=unstable_if action=reinterpret pc=0x0000000002d12198 method=java.util.HashMap.putVal(ILjava/lang/Object;Ljava/lang/Object;ZZ)Ljava/lang/Object; @ 162
Event: 2.738 Thread 0x0000000056f60000 Uncommon trap: reason=unstable_if action=reinterpret pc=0x0000000002cd2670 method=java.util.HashMap.getNode(ILjava/lang/Object;)Ljava/util/HashMap$Node; @ 84
Event: 2.739 Thread 0x0000000056f60000 Uncommon trap: reason=unstable_if action=reinterpret pc=0x0000000002b14e50 method=java.util.HashMap.getNode(ILjava/lang/Object;)Ljava/util/HashMap$Node; @ 84
Event: 2.741 Thread 0x0000000056f60000 Uncommon trap: reason=unstable_if action=reinterpret pc=0x0000000002c03d00 method=java.util.HashMap.getNode(ILjava/lang/Object;)Ljava/util/HashMap$Node; @ 84
Event: 2.788 Thread 0x000000005706e000 Uncommon trap: reason=unstable_if action=reinterpret pc=0x0000000002b5a59c method=com.android.dx.rop.code.RegisterSpecSet.put(Lcom/android/dx/rop/code/RegisterSpec;)V @ 77
Event: 2.788 Thread 0x000000005706e000 Uncommon trap: reason=unstable_if action=reinterpret pc=0x0000000002b93958 method=com.android.dx.rop.code.RegisterSpecSet.put(Lcom/android/dx/rop/code/RegisterSpec;)V @ 77

Classes redefined (0 events):
No events

Internal exceptions (8 events):
Event: 0.197 Thread 0x000000000036f000 Exception <a 'java/lang/NoSuchMethodError': Method sun.misc.Unsafe.defineClass(Ljava/lang/String;[BII)Ljava/lang/Class; name or signature does not match> (0x00000000eab07ca8) thrown at [D:\src\AOSP-openjdk-cygwin\jdk8u\hotspot\src\share\vm\prims\jni.cpp, 
Event: 0.197 Thread 0x000000000036f000 Exception <a 'java/lang/NoSuchMethodError': Method sun.misc.Unsafe.prefetchRead(Ljava/lang/Object;J)V name or signature does not match> (0x00000000eab07f90) thrown at [D:\src\AOSP-openjdk-cygwin\jdk8u\hotspot\src\share\vm\prims\jni.cpp, line 4011]
Event: 2.656 Thread 0x000000005706e000 Implicit null exception at 0x0000000002b5b492 to 0x0000000002b5b582
Event: 2.661 Thread 0x0000000056f60000 Implicit null exception at 0x0000000002cc7e8d to 0x0000000002cca26d
Event: 2.661 Thread 0x0000000056f60000 Implicit null exception at 0x0000000002cd2f36 to 0x0000000002cd55d1
Event: 2.735 Thread 0x0000000056f60000 Exception <a 'java/lang/ArrayIndexOutOfBoundsException': 18> (0x00000000eb705ad8) thrown at [D:\src\AOSP-openjdk-cygwin\jdk8u\hotspot\src\share\vm\interpreter\interpreterRuntime.cpp, line 366]
Event: 2.736 Thread 0x0000000056f60000 Exception <a 'java/lang/ArrayIndexOutOfBoundsException': 145> (0x00000000eb707658) thrown at [D:\src\AOSP-openjdk-cygwin\jdk8u\hotspot\src\share\vm\interpreter\interpreterRuntime.cpp, line 366]
Event: 2.737 Thread 0x0000000056f60000 Exception <a 'java/lang/ArrayIndexOutOfBoundsException'> (0x00000000eb708940) thrown at [D:\src\AOSP-openjdk-cygwin\jdk8u\hotspot\src\share\vm\runtime\sharedRuntime.cpp, line 605]

Events (10 events):
Event: 2.788 Thread 0x000000005706e000 Uncommon trap: trap_request=0xffffff65 fr.pc=0x0000000002b5a59c
Event: 2.788 Thread 0x000000005706e000 DEOPT PACKING pc=0x0000000002b5a59c sp=0x0000000057dced00
Event: 2.788 Thread 0x000000005706e000 DEOPT UNPACKING pc=0x000000000286556a sp=0x0000000057dcec88 mode 2
Event: 2.788 Thread 0x000000005706e000 Uncommon trap: trap_request=0xffffff65 fr.pc=0x0000000002b93958
Event: 2.788 Thread 0x000000005706e000 DEOPT PACKING pc=0x0000000002b93958 sp=0x0000000057dcecf0
Event: 2.788 Thread 0x000000005706e000 DEOPT UNPACKING pc=0x000000000286556a sp=0x0000000057dcec10 mode 2
Event: 2.800 Thread 0x000000005706e000 DEOPT PACKING pc=0x0000000002abacf0 sp=0x0000000057dceb50
Event: 2.800 Thread 0x000000005706e000 DEOPT UNPACKING pc=0x00000000028675bf sp=0x0000000057dce930 mode 0
Event: 2.820 Thread 0x000000005706e000 DEOPT PACKING pc=0x0000000002d6aea3 sp=0x0000000057dcec20
Event: 2.823 Thread 0x000000005706e000 DEOPT UNPACKING pc=0x00000000028675bf sp=0x0000000057dce978 mode 0


Dynamic libraries:
0x000000013fe40000 - 0x000000013fe71000 	D:\AS\jre\bin\java.exe
0x0000000077240000 - 0x00000000773ea000 	C:\Windows\SYSTEM32\ntdll.dll
0x0000000077020000 - 0x000000007713f000 	C:\Windows\system32\kernel32.dll
0x000007fefd0a0000 - 0x000007fefd10a000 	C:\Windows\system32\KERNELBASE.dll
0x000007fefe560000 - 0x000007fefe63b000 	C:\Windows\system32\ADVAPI32.dll
0x000007feff4b0000 - 0x000007feff54f000 	C:\Windows\system32\msvcrt.dll
0x000007feff490000 - 0x000007feff4af000 	C:\Windows\SYSTEM32\sechost.dll
0x000007fefdde0000 - 0x000007fefdf0d000 	C:\Windows\system32\RPCRT4.dll
0x0000000077140000 - 0x000000007723a000 	C:\Windows\system32\USER32.dll
0x000007fefd970000 - 0x000007fefd9d7000 	C:\Windows\system32\GDI32.dll
0x000007fefe550000 - 0x000007fefe55e000 	C:\Windows\system32\LPK.dll
0x000007fefd6a0000 - 0x000007fefd76b000 	C:\Windows\system32\USP10.dll
0x000007fefbf20000 - 0x000007fefc114000 	C:\Windows\WinSxS\amd64_microsoft.windows.common-controls_6595b64144ccf1df_6.0.7601.17514_none_fa396087175ac9ac\COMCTL32.dll
0x000007feff410000 - 0x000007feff481000 	C:\Windows\system32\SHLWAPI.dll
0x000007feff3e0000 - 0x000007feff40e000 	C:\Windows\system32\IMM32.DLL
0x000007fefdb70000 - 0x000007fefdc79000 	C:\Windows\system32\MSCTF.dll
0x000007fefce70000 - 0x000007fefcea0000 	C:\Windows\system32\nvinitx.dll
0x000007fefce60000 - 0x000007fefce6c000 	C:\Windows\system32\VERSION.dll
0x0000000074bb0000 - 0x0000000074bb6000 	C:\Program Files\NVIDIA Corporation\CoProcManager\detoured.dll
0x000007fefba30000 - 0x000007fefba68000 	C:\Program Files\NVIDIA Corporation\CoProcManager\nvd3d9wrapx.dll
0x000007fefe050000 - 0x000007fefe227000 	C:\Windows\system32\SETUPAPI.dll
0x000007fefcf70000 - 0x000007fefcfa6000 	C:\Windows\system32\CFGMGR32.dll
0x000007fefdd00000 - 0x000007fefddda000 	C:\Windows\system32\OLEAUT32.dll
0x000007fefd770000 - 0x000007fefd96c000 	C:\Windows\system32\ole32.dll
0x000007fefcf50000 - 0x000007fefcf6a000 	C:\Windows\system32\DEVOBJ.dll
0x000007fefb860000 - 0x000007fefb884000 	C:\Program Files\NVIDIA Corporation\CoProcManager\nvdxgiwrapx.dll
0x0000000059010000 - 0x00000000590e2000 	D:\AS\jre\jre\bin\msvcr100.dll
0x0000000054830000 - 0x000000005506e000 	D:\AS\jre\jre\bin\server\jvm.dll
0x000007fef7630000 - 0x000007fef7639000 	C:\Windows\system32\WSOCK32.dll
0x000007fefe500000 - 0x000007fefe54d000 	C:\Windows\system32\WS2_32.dll
0x000007feff3d0000 - 0x000007feff3d8000 	C:\Windows\system32\NSI.dll
0x000007fefb220000 - 0x000007fefb25b000 	C:\Windows\system32\WINMM.dll
0x0000000077410000 - 0x0000000077417000 	C:\Windows\system32\PSAPI.DLL
0x000007fefb260000 - 0x000007fefb26f000 	D:\AS\jre\jre\bin\verify.dll
0x000007fef4570000 - 0x000007fef4599000 	D:\AS\jre\jre\bin\java.dll
0x000007fef4550000 - 0x000007fef4566000 	D:\AS\jre\jre\bin\zip.dll
0x000007fefe640000 - 0x000007feff3ca000 	C:\Windows\system32\SHELL32.dll
0x000007fefcf30000 - 0x000007fefcf3f000 	C:\Windows\system32\profapi.dll

VM Arguments:
jvm_args: -Djava.awt.headless=true -Xmx1024M -Dfile.encoding=GBK -Duser.country=CN -Duser.language=zh -Duser.variant 
java_command: com.android.dx.command.Main --dex --num-threads=4 --output E:\open\ics-openvpn\main\build\intermediates\pre-dexed\modern\debug\debug_e2455ce0cdce0fc7ac119ba20481ed8318c9b27a.jar E:\open\ics-openvpn\main\build\intermediates\classes\modern\debug
java_class_path (initial): E:\Android\SDK\build-tools\24.0.0\lib\dx.jar
Launcher Type: SUN_STANDARD

Environment Variables:
JAVA_HOME=D:\Program Files\Java\jdk1.7.0_80
CLASSPATH=.;D:\Program Files\Java\jdk1.7.0_80\lib;D:\Program Files\Java\jdk1.7.0_80\lib\dt.jar;D:\Program Files\Java\jdk1.7.0_80\lib\tools.jar
PATH=C:\Windows\system32;C:\Windows;C:\Windows\System32\Wbem;C:\Windows\System32\WindowsPowerShell\v1.0\;C:\Program Files (x86)\Microsoft SQL Server\100\Tools\Binn\;C:\Program Files\Microsoft SQL Server\100\Tools\Binn\;C:\Program Files\Microsoft SQL Server\100\DTS\Binn\;D:\TortoiseSVN\bin;C:\Program Files\Lenovo\Bluetooth Software\;C:\Program Files\Lenovo\Bluetooth Software\syswow64;D:\ADB;C:\Program Files\nodejs\;C:\Users\bingo\AppData\Local\Programs\Python\Python35\Scripts\;C:\Users\bingo\AppData\Local\Programs\Python\Python35\;D:\Qt\Qt5.2.0\5.2.0\msvc2010_opengl\bin\;D:\ADB;C:\Users\bingo\AppData\Roaming\npm;C:\MinGW\bin;C:\Program Files\Git\cmd;D:\Program Files\Java\jdk1.7.0_80\bin;D:\Program Files\Java\jdk1.7.0_80\jre\bin;E:\Android\SDK\ndk-bundle;D:\swigwin-3.0.12;E:\Android\SDK\cmake\3.6.4111459\bin\;C:\Users\bingo\AppData\Local\Programs\Python\Python35\Scripts\;C:\Users\bingo\AppData\Local\Programs\Python\Python35\;D:\Qt\Qt5.2.0\5.2.0\msvc2010_opengl\bin\;D:\Qt\Qt5.2.0\5.2.0\MinGW\bin;D:\ADB;C:\Users\bingo\AppData\Roaming\npm
USERNAME=bingo
OS=Windows_NT
PROCESSOR_IDENTIFIER=Intel64 Family 6 Model 58 Stepping 9, GenuineIntel



---------------  S Y S T E M  ---------------

OS: Windows 7 , 64 bit Build 7601 (6.1.7601.23915)

CPU:total 4 (initial active 4) (2 cores per cpu, 2 threads per core) family 6 model 58 stepping 9, cmov, cx8, fxsr, mmx, sse, sse2, sse3, ssse3, sse4.1, sse4.2, popcnt, avx, clmul, erms, ht, tsc, tscinvbit, tscinv

Memory: 4k page, physical 7167248k(753380k free), swap 7165388k(406108k free)

vm_info: OpenJDK 64-Bit Server VM (25.152-b01) for windows-amd64 JRE (1.8.0_152-release-915-b01), built by "builder" with MS VC++ 10.0 (VS2010)

time: Thu Apr 19 11:11:27 2018
elapsed time: 3 seconds (0d 0h 0m 3s)

